This is pdfTeX, Version 3.141592653-2.6-1.40.24 (MiKTeX 22.10) (preloaded format=pdflatex 2023.9.20)  13 DEC 2023 18:06
entering extended mode
 restricted \write18 enabled.
 %&-line parsing enabled.
**./ps_2_report.tex
(ps_2_report.tex
LaTeX2e <2023-06-01> patch level 1
L3 programming layer <2023-08-29>
(C:\Users\Aaron\AppData\Local\Programs\MiKTeX\tex/latex/base\article.cls
Document Class: article 2023/05/17 v1.4n Standard LaTeX document class
(C:\Users\Aaron\AppData\Local\Programs\MiKTeX\tex/latex/base\size10.clo
File: size10.clo 2023/05/17 v1.4n Standard LaTeX file (size option)
)
\c@part=\count185
\c@section=\count186
\c@subsection=\count187
\c@subsubsection=\count188
\c@paragraph=\count189
\c@subparagraph=\count190
\c@figure=\count191
\c@table=\count192
\abovecaptionskip=\skip48
\belowcaptionskip=\skip49
\bibindent=\dimen140
)
(C:\Users\Aaron\AppData\Local\Programs\MiKTeX\tex/latex/hyperref\hyperref.sty
Package: hyperref 2023-07-08 v7.01b Hypertext links for LaTeX

(C:\Users\Aaron\AppData\Local\Programs\MiKTeX\tex/generic/ltxcmds\ltxcmds.sty
Package: ltxcmds 2020-05-10 v1.25 LaTeX kernel commands for general use (HO)
)
(C:\Users\Aaron\AppData\Local\Programs\MiKTeX\tex/generic/iftex\iftex.sty
Package: iftex 2022/02/03 v1.0f TeX engine tests
)
(C:\Users\Aaron\AppData\Local\Programs\MiKTeX\tex/generic/pdftexcmds\pdftexcmds
.sty
Package: pdftexcmds 2020-06-27 v0.33 Utility functions of pdfTeX for LuaTeX (HO
)

(C:\Users\Aaron\AppData\Local\Programs\MiKTeX\tex/generic/infwarerr\infwarerr.s
ty
Package: infwarerr 2019/12/03 v1.5 Providing info/warning/error messages (HO)
)
Package pdftexcmds Info: \pdf@primitive is available.
Package pdftexcmds Info: \pdf@ifprimitive is available.
Package pdftexcmds Info: \pdfdraftmode found.
)
(C:\Users\Aaron\AppData\Local\Programs\MiKTeX\tex/latex/graphics\keyval.sty
Package: keyval 2022/05/29 v1.15 key=value parser (DPC)
\KV@toks@=\toks17
)
(C:\Users\Aaron\AppData\Local\Programs\MiKTeX\tex/latex/kvsetkeys\kvsetkeys.sty
Package: kvsetkeys 2022-10-05 v1.19 Key value parser (HO)
)
(C:\Users\Aaron\AppData\Local\Programs\MiKTeX\tex/generic/kvdefinekeys\kvdefine
keys.sty
Package: kvdefinekeys 2019-12-19 v1.6 Define keys (HO)
)
(C:\Users\Aaron\AppData\Local\Programs\MiKTeX\tex/generic/pdfescape\pdfescape.s
ty
Package: pdfescape 2019/12/09 v1.15 Implements pdfTeX's escape features (HO)
) (C:\Users\Aaron\AppData\Local\Programs\MiKTeX\tex/latex/hycolor\hycolor.sty
Package: hycolor 2020-01-27 v1.10 Color options for hyperref/bookmark (HO)
)
(C:\Users\Aaron\AppData\Local\Programs\MiKTeX\tex/latex/letltxmacro\letltxmacro
.sty
Package: letltxmacro 2019/12/03 v1.6 Let assignment for LaTeX macros (HO)
)
(C:\Users\Aaron\AppData\Local\Programs\MiKTeX\tex/latex/auxhook\auxhook.sty
Package: auxhook 2019-12-17 v1.6 Hooks for auxiliary files (HO)
)
(C:\Users\Aaron\AppData\Local\Programs\MiKTeX\tex/latex/hyperref\nameref.sty
Package: nameref 2023-08-07 v2.53 Cross-referencing by name of section

(C:\Users\Aaron\AppData\Local\Programs\MiKTeX\tex/latex/refcount\refcount.sty
Package: refcount 2019/12/15 v3.6 Data extraction from label references (HO)
)
(C:\Users\Aaron\AppData\Local\Programs\MiKTeX\tex/generic/gettitlestring\gettit
lestring.sty
Package: gettitlestring 2019/12/15 v1.6 Cleanup title references (HO)

(C:\Users\Aaron\AppData\Local\Programs\MiKTeX\tex/latex/kvoptions\kvoptions.sty
Package: kvoptions 2022-06-15 v3.15 Key value format for package options (HO)
))
\c@section@level=\count193
)
(C:\Users\Aaron\AppData\Local\Programs\MiKTeX\tex/latex/etoolbox\etoolbox.sty
Package: etoolbox 2020/10/05 v2.5k e-TeX tools for LaTeX (JAW)
\etb@tempcnta=\count194
)
\@linkdim=\dimen141
\Hy@linkcounter=\count195
\Hy@pagecounter=\count196

(C:\Users\Aaron\AppData\Local\Programs\MiKTeX\tex/latex/hyperref\pd1enc.def
File: pd1enc.def 2023-07-08 v7.01b Hyperref: PDFDocEncoding definition (HO)
Now handling font encoding PD1 ...
... no UTF-8 mapping file for font encoding PD1
)
(C:\Users\Aaron\AppData\Local\Programs\MiKTeX\tex/generic/intcalc\intcalc.sty
Package: intcalc 2019/12/15 v1.3 Expandable calculations with integers (HO)
)
\Hy@SavedSpaceFactor=\count197

(C:\Users\Aaron\AppData\Local\Programs\MiKTeX\tex/latex/hyperref\puenc.def
File: puenc.def 2023-07-08 v7.01b Hyperref: PDF Unicode definition (HO)
Now handling font encoding PU ...
... no UTF-8 mapping file for font encoding PU
)
Package hyperref Info: Hyper figures OFF on input line 4167.
Package hyperref Info: Link nesting OFF on input line 4172.
Package hyperref Info: Hyper index ON on input line 4175.
Package hyperref Info: Plain pages OFF on input line 4182.
Package hyperref Info: Backreferencing OFF on input line 4187.
Package hyperref Info: Implicit mode ON; LaTeX internals redefined.
Package hyperref Info: Bookmarks ON on input line 4434.
\c@Hy@tempcnt=\count198

(C:\Users\Aaron\AppData\Local\Programs\MiKTeX\tex/latex/url\url.sty
\Urlmuskip=\muskip16
Package: url 2013/09/16  ver 3.4  Verb mode for urls, etc.
)
LaTeX Info: Redefining \url on input line 4772.
\XeTeXLinkMargin=\dimen142

(C:\Users\Aaron\AppData\Local\Programs\MiKTeX\tex/generic/bitset\bitset.sty
Package: bitset 2019/12/09 v1.3 Handle bit-vector datatype (HO)

(C:\Users\Aaron\AppData\Local\Programs\MiKTeX\tex/generic/bigintcalc\bigintcalc
.sty
Package: bigintcalc 2019/12/15 v1.5 Expandable calculations on big integers (HO
)
))
\Fld@menulength=\count199
\Field@Width=\dimen143
\Fld@charsize=\dimen144
Package hyperref Info: Hyper figures OFF on input line 6051.
Package hyperref Info: Link nesting OFF on input line 6056.
Package hyperref Info: Hyper index ON on input line 6059.
Package hyperref Info: backreferencing OFF on input line 6066.
Package hyperref Info: Link coloring OFF on input line 6071.
Package hyperref Info: Link coloring with OCG OFF on input line 6076.
Package hyperref Info: PDF/A mode OFF on input line 6081.

(C:\Users\Aaron\AppData\Local\Programs\MiKTeX\tex/latex/base\atbegshi-ltx.sty
Package: atbegshi-ltx 2021/01/10 v1.0c Emulation of the original atbegshi
package with kernel methods
)
\Hy@abspage=\count266
\c@Item=\count267
\c@Hfootnote=\count268
)
Package hyperref Info: Driver (autodetected): hpdftex.
(C:\Users\Aaron\AppData\Local\Programs\MiKTeX\tex/latex/hyperref\hpdftex.def
File: hpdftex.def 2023-07-08 v7.01b Hyperref driver for pdfTeX

(C:\Users\Aaron\AppData\Local\Programs\MiKTeX\tex/latex/base\atveryend-ltx.sty
Package: atveryend-ltx 2020/08/19 v1.0a Emulation of the original atveryend pac
kage
with kernel methods
)
\Fld@listcount=\count269
\c@bookmark@seq@number=\count270

(C:\Users\Aaron\AppData\Local\Programs\MiKTeX\tex/latex/rerunfilecheck\rerunfil
echeck.sty
Package: rerunfilecheck 2022-07-10 v1.10 Rerun checks for auxiliary files (HO)

(C:\Users\Aaron\AppData\Local\Programs\MiKTeX\tex/generic/uniquecounter\uniquec
ounter.sty
Package: uniquecounter 2019/12/15 v1.4 Provide unlimited unique counter (HO)
)
Package uniquecounter Info: New unique counter `rerunfilecheck' on input line 2
85.
)
\Hy@SectionHShift=\skip50
)
(C:\Users\Aaron\AppData\Local\Programs\MiKTeX\tex/latex/graphics\graphicx.sty
Package: graphicx 2021/09/16 v1.2d Enhanced LaTeX Graphics (DPC,SPQR)

(C:\Users\Aaron\AppData\Local\Programs\MiKTeX\tex/latex/graphics\graphics.sty
Package: graphics 2022/03/10 v1.4e Standard LaTeX Graphics (DPC,SPQR)

(C:\Users\Aaron\AppData\Local\Programs\MiKTeX\tex/latex/graphics\trig.sty
Package: trig 2021/08/11 v1.11 sin cos tan (DPC)
)
(C:\Users\Aaron\AppData\Local\Programs\MiKTeX\tex/latex/graphics-cfg\graphics.c
fg
File: graphics.cfg 2016/06/04 v1.11 sample graphics configuration
)
Package graphics Info: Driver file: pdftex.def on input line 107.

(C:\Users\Aaron\AppData\Local\Programs\MiKTeX\tex/latex/graphics-def\pdftex.def
File: pdftex.def 2022/09/22 v1.2b Graphics/color driver for pdftex
))
\Gin@req@height=\dimen145
\Gin@req@width=\dimen146
)
(C:\Users\Aaron\AppData\Local\Programs\MiKTeX\tex/latex/pdfpages\pdfpages.sty
Package: pdfpages 2022/12/19 v0.5x Insert pages of external PDF documents (AM)

(C:\Users\Aaron\AppData\Local\Programs\MiKTeX\tex/latex/base\ifthen.sty
Package: ifthen 2022/04/13 v1.1d Standard LaTeX ifthen package (DPC)
)
(C:\Users\Aaron\AppData\Local\Programs\MiKTeX\tex/latex/tools\calc.sty
Package: calc 2017/05/25 v4.3 Infix arithmetic (KKT,FJ)
\calc@Acount=\count271
\calc@Bcount=\count272
\calc@Adimen=\dimen147
\calc@Bdimen=\dimen148
\calc@Askip=\skip51
\calc@Bskip=\skip52
LaTeX Info: Redefining \setlength on input line 80.
LaTeX Info: Redefining \addtolength on input line 81.
\calc@Ccount=\count273
\calc@Cskip=\skip53
)
(C:\Users\Aaron\AppData\Local\Programs\MiKTeX\tex/latex/eso-pic\eso-pic.sty
Package: eso-pic 2023/05/03 v3.0c eso-pic (RN)
\ESO@tempdima=\dimen149
\ESO@tempdimb=\dimen150

(C:\Users\Aaron\AppData\Local\Programs\MiKTeX\tex/latex/xcolor\xcolor.sty
Package: xcolor 2022/06/12 v2.14 LaTeX color extensions (UK)

(C:\Users\Aaron\AppData\Local\Programs\MiKTeX\tex/latex/graphics-cfg\color.cfg
File: color.cfg 2016/01/02 v1.6 sample color configuration
)
Package xcolor Info: Driver file: pdftex.def on input line 227.
(C:\Users\Aaron\AppData\Local\Programs\MiKTeX\tex/latex/graphics\mathcolor.ltx)
Package xcolor Info: Model `cmy' substituted by `cmy0' on input line 1353.
Package xcolor Info: Model `hsb' substituted by `rgb' on input line 1357.
Package xcolor Info: Model `RGB' extended on input line 1369.
Package xcolor Info: Model `HTML' substituted by `rgb' on input line 1371.
Package xcolor Info: Model `Hsb' substituted by `hsb' on input line 1372.
Package xcolor Info: Model `tHsb' substituted by `hsb' on input line 1373.
Package xcolor Info: Model `HSB' substituted by `hsb' on input line 1374.
Package xcolor Info: Model `Gray' substituted by `gray' on input line 1375.
Package xcolor Info: Model `wave' substituted by `hsb' on input line 1376.
))
\AM@pagewidth=\dimen151
\AM@pageheight=\dimen152
\AM@fboxrule=\dimen153

(C:\Users\Aaron\AppData\Local\Programs\MiKTeX\tex/latex/pdfpages\pppdftex.def
File: pppdftex.def 2022/12/19 v0.5x Pdfpages driver for pdfTeX (AM)
)
\pdfpages@includegraphics@status=\count274
\AM@pagebox=\box51
\AM@global@opts=\toks18
\AM@pagecnt=\count275
\AM@toc@title=\toks19
\AM@lof@heading=\toks20
\c@AM@survey=\count276
\AM@templatesizebox=\box52
)
(C:\Users\Aaron\AppData\Local\Programs\MiKTeX\tex/latex/l3backend\l3backend-pdf
tex.def
File: l3backend-pdftex.def 2023-04-19 L3 backend support: PDF output (pdfTeX)
\l__color_backend_stack_int=\count277
\l__pdf_internal_box=\box53
) (ps_2_report.aux)
\openout1 = `ps_2_report.aux'.

LaTeX Font Info:    Checking defaults for OML/cmm/m/it on input line 6.
LaTeX Font Info:    ... okay on input line 6.
LaTeX Font Info:    Checking defaults for OMS/cmsy/m/n on input line 6.
LaTeX Font Info:    ... okay on input line 6.
LaTeX Font Info:    Checking defaults for OT1/cmr/m/n on input line 6.
LaTeX Font Info:    ... okay on input line 6.
LaTeX Font Info:    Checking defaults for T1/cmr/m/n on input line 6.
LaTeX Font Info:    ... okay on input line 6.
LaTeX Font Info:    Checking defaults for TS1/cmr/m/n on input line 6.
LaTeX Font Info:    ... okay on input line 6.
LaTeX Font Info:    Checking defaults for OMX/cmex/m/n on input line 6.
LaTeX Font Info:    ... okay on input line 6.
LaTeX Font Info:    Checking defaults for U/cmr/m/n on input line 6.
LaTeX Font Info:    ... okay on input line 6.
LaTeX Font Info:    Checking defaults for PD1/pdf/m/n on input line 6.
LaTeX Font Info:    ... okay on input line 6.
LaTeX Font Info:    Checking defaults for PU/pdf/m/n on input line 6.
LaTeX Font Info:    ... okay on input line 6.
Package hyperref Info: Link coloring OFF on input line 6.
 (ps_2_report.out) (ps_2_report.out)
\@outlinefile=\write3
\openout3 = `ps_2_report.out'.


(C:\Users\Aaron\AppData\Local\Programs\MiKTeX\tex/context/base/mkii\supp-pdf.mk
ii
[Loading MPS to PDF converter (version 2006.09.02).]
\scratchcounter=\count278
\scratchdimen=\dimen154
\scratchbox=\box54
\nofMPsegments=\count279
\nofMParguments=\count280
\everyMPshowfont=\toks21
\MPscratchCnt=\count281
\MPscratchDim=\dimen155
\MPnumerator=\count282
\makeMPintoPDFobject=\count283
\everyMPtoPDFconversion=\toks22
)
(C:\Users\Aaron\AppData\Local\Programs\MiKTeX\tex/latex/epstopdf-pkg\epstopdf-b
ase.sty
Package: epstopdf-base 2020-01-24 v2.11 Base part for package epstopdf
Package epstopdf-base Info: Redefining graphics rule for `.eps' on input line 4
85.

(C:\Users\Aaron\AppData\Local\Programs\MiKTeX\tex/latex/00miktex\epstopdf-sys.c
fg
File: epstopdf-sys.cfg 2021/03/18 v2.0 Configuration of epstopdf for MiKTeX
))
(C:\Users\Aaron\AppData\Local\Programs\MiKTeX\tex/latex/pdflscape\pdflscape.sty
Package: pdflscape 2022-10-27 v0.13 Display of landscape pages in PDF

(C:\Users\Aaron\AppData\Local\Programs\MiKTeX\tex/latex/pdflscape\pdflscape-nom
etadata.sty
Package: pdflscape-nometadata 2022-10-28 v0.13 Display of landscape pages in PD
F (HO)

(C:\Users\Aaron\AppData\Local\Programs\MiKTeX\tex/latex/graphics\lscape.sty
Package: lscape 2020/05/28 v3.02 Landscape Pages (DPC)
)
Package pdflscape Info: Auto-detected driver: pdftex on input line 81.
))
LaTeX Font Info:    External font `cmex10' loaded for size
(Font)              <12> on input line 13.
LaTeX Font Info:    External font `cmex10' loaded for size
(Font)              <8> on input line 13.
LaTeX Font Info:    External font `cmex10' loaded for size
(Font)              <6> on input line 13.

! Missing $ inserted.
<inserted text> 
                $
l.16 ...thub.com/aqsnyder/eng_math/tree/main/ps_2}
                                                  .
? 
LaTeX Font Info:    External font `cmex10' loaded for size
(Font)              <7> on input line 16.
LaTeX Font Info:    External font `cmex10' loaded for size
(Font)              <5> on input line 16.
! Missing $ inserted.
<inserted text> 
                $
l.16 ...thub.com/aqsnyder/eng_math/tree/main/ps_2}
                                                  .
? 


pdfTeX warning: pdflatex.exe (file ./misc_media/hw_2_prompt.pdf): PDF inclusion
: found PDF version <1.7>, but at most version <1.5> allowed
<misc_media/hw_2_prompt.pdf, id=20, 614.295pt x 794.97pt>
File: misc_media/hw_2_prompt.pdf Graphic file (type pdf)
<use misc_media/hw_2_prompt.pdf>
Package pdftex.def Info: misc_media/hw_2_prompt.pdf  used on input line 18.
(pdftex.def)             Requested size: 614.29349pt x 794.96806pt.


pdfTeX warning: pdflatex.exe (file ./misc_media/hw_2_prompt.pdf): PDF inclusion
: found PDF version <1.7>, but at most version <1.5> allowed
File: misc_media/hw_2_prompt.pdf Graphic file (type pdf)
<use misc_media/hw_2_prompt.pdf>
Package pdftex.def Info: misc_media/hw_2_prompt.pdf  used on input line 18.
(pdftex.def)             Requested size: 614.29349pt x 794.96806pt.


pdfTeX warning: pdflatex.exe (file ./misc_media/hw_2_prompt.pdf): PDF inclusion
: found PDF version <1.7>, but at most version <1.5> allowed


pdfTeX warning: pdflatex.exe (file ./misc_media/hw_2_prompt.pdf): PDF inclusion
: found PDF version <1.7>, but at most version <1.5> allowed
<misc_media/hw_2_prompt.pdf, id=23, page=1, 614.295pt x 794.97pt>
File: misc_media/hw_2_prompt.pdf Graphic file (type pdf)
<use misc_media/hw_2_prompt.pdf, page 1>
Package pdftex.def Info: misc_media/hw_2_prompt.pdf , page1 used on input line 
18.
(pdftex.def)             Requested size: 614.29349pt x 794.96806pt.
File: misc_media/hw_2_prompt.pdf Graphic file (type pdf)
<use misc_media/hw_2_prompt.pdf, page 1>
Package pdftex.def Info: misc_media/hw_2_prompt.pdf , page1 used on input line 
18.
(pdftex.def)             Requested size: 614.58406pt x 795.3441pt.
[1

{C:/Users/Aaron/AppData/Local/MiKTeX/fonts/map/pdftex/pdftex.map}]
File: misc_media/hw_2_prompt.pdf Graphic file (type pdf)
<use misc_media/hw_2_prompt.pdf, page 1>
Package pdftex.def Info: misc_media/hw_2_prompt.pdf , page1 used on input line 
18.
(pdftex.def)             Requested size: 614.58406pt x 795.3441pt.
File: misc_media/hw_2_prompt.pdf Graphic file (type pdf)
<use misc_media/hw_2_prompt.pdf, page 1>
Package pdftex.def Info: misc_media/hw_2_prompt.pdf , page1 used on input line 
18.
(pdftex.def)             Requested size: 614.58406pt x 795.3441pt.
File: misc_media/hw_2_prompt.pdf Graphic file (type pdf)
<use misc_media/hw_2_prompt.pdf, page 1>
Package pdftex.def Info: misc_media/hw_2_prompt.pdf , page1 used on input line 
18.
(pdftex.def)             Requested size: 614.58406pt x 795.3441pt.
 [2 <./misc_media/hw_2_prompt.pdf>]

pdfTeX warning: pdflatex.exe (file ./misc_media/hw_2_prompt.pdf): PDF inclusion
: found PDF version <1.7>, but at most version <1.5> allowed
<misc_media/hw_2_prompt.pdf, id=74, page=2, 614.295pt x 794.97pt>
File: misc_media/hw_2_prompt.pdf Graphic file (type pdf)
<use misc_media/hw_2_prompt.pdf, page 2>
Package pdftex.def Info: misc_media/hw_2_prompt.pdf , page2 used on input line 
18.
(pdftex.def)             Requested size: 614.58406pt x 795.3441pt.
File: misc_media/hw_2_prompt.pdf Graphic file (type pdf)
<use misc_media/hw_2_prompt.pdf, page 2>
Package pdftex.def Info: misc_media/hw_2_prompt.pdf , page2 used on input line 
18.
(pdftex.def)             Requested size: 614.58406pt x 795.3441pt.
File: misc_media/hw_2_prompt.pdf Graphic file (type pdf)
<use misc_media/hw_2_prompt.pdf, page 2>
Package pdftex.def Info: misc_media/hw_2_prompt.pdf , page2 used on input line 
18.
(pdftex.def)             Requested size: 614.58406pt x 795.3441pt.
[3 <./misc_media/hw_2_prompt.pdf>]

pdfTeX warning: pdflatex.exe (file ./misc_media/hw_2_prompt.pdf): PDF inclusion
: found PDF version <1.7>, but at most version <1.5> allowed
<misc_media/hw_2_prompt.pdf, id=107, page=3, 614.295pt x 794.97pt>
File: misc_media/hw_2_prompt.pdf Graphic file (type pdf)
<use misc_media/hw_2_prompt.pdf, page 3>
Package pdftex.def Info: misc_media/hw_2_prompt.pdf , page3 used on input line 
18.
(pdftex.def)             Requested size: 614.58406pt x 795.3441pt.
File: misc_media/hw_2_prompt.pdf Graphic file (type pdf)
<use misc_media/hw_2_prompt.pdf, page 3>
Package pdftex.def Info: misc_media/hw_2_prompt.pdf , page3 used on input line 
18.
(pdftex.def)             Requested size: 614.58406pt x 795.3441pt.
File: misc_media/hw_2_prompt.pdf Graphic file (type pdf)
<use misc_media/hw_2_prompt.pdf, page 3>
Package pdftex.def Info: misc_media/hw_2_prompt.pdf , page3 used on input line 
18.
(pdftex.def)             Requested size: 614.58406pt x 795.3441pt.
[4 <./misc_media/hw_2_prompt.pdf>]

pdfTeX warning: pdflatex.exe (file ./misc_media/hw_2_prompt.pdf): PDF inclusion
: found PDF version <1.7>, but at most version <1.5> allowed
<misc_media/hw_2_prompt.pdf, id=156, page=4, 614.295pt x 794.97pt>
File: misc_media/hw_2_prompt.pdf Graphic file (type pdf)
<use misc_media/hw_2_prompt.pdf, page 4>
Package pdftex.def Info: misc_media/hw_2_prompt.pdf , page4 used on input line 
18.
(pdftex.def)             Requested size: 614.58406pt x 795.3441pt.
File: misc_media/hw_2_prompt.pdf Graphic file (type pdf)
<use misc_media/hw_2_prompt.pdf, page 4>
Package pdftex.def Info: misc_media/hw_2_prompt.pdf , page4 used on input line 
18.
(pdftex.def)             Requested size: 614.58406pt x 795.3441pt.
File: misc_media/hw_2_prompt.pdf Graphic file (type pdf)
<use misc_media/hw_2_prompt.pdf, page 4>
Package pdftex.def Info: misc_media/hw_2_prompt.pdf , page4 used on input line 
18.
(pdftex.def)             Requested size: 614.58406pt x 795.3441pt.
[5 <./misc_media/hw_2_prompt.pdf>]

pdfTeX warning: pdflatex.exe (file ./misc_media/hw_2_prompt.pdf): PDF inclusion
: found PDF version <1.7>, but at most version <1.5> allowed
<misc_media/hw_2_prompt.pdf, id=185, page=5, 614.295pt x 794.97pt>
File: misc_media/hw_2_prompt.pdf Graphic file (type pdf)
<use misc_media/hw_2_prompt.pdf, page 5>
Package pdftex.def Info: misc_media/hw_2_prompt.pdf , page5 used on input line 
18.
(pdftex.def)             Requested size: 614.58406pt x 795.3441pt.
File: misc_media/hw_2_prompt.pdf Graphic file (type pdf)
<use misc_media/hw_2_prompt.pdf, page 5>
Package pdftex.def Info: misc_media/hw_2_prompt.pdf , page5 used on input line 
18.
(pdftex.def)             Requested size: 614.58406pt x 795.3441pt.
File: misc_media/hw_2_prompt.pdf Graphic file (type pdf)
<use misc_media/hw_2_prompt.pdf, page 5>
Package pdftex.def Info: misc_media/hw_2_prompt.pdf , page5 used on input line 
18.
(pdftex.def)             Requested size: 614.58406pt x 795.3441pt.
[6 <./misc_media/hw_2_prompt.pdf>]

pdfTeX warning: pdflatex.exe (file ./misc_media/hw_2_prompt.pdf): PDF inclusion
: found PDF version <1.7>, but at most version <1.5> allowed
<misc_media/hw_2_prompt.pdf, id=226, page=6, 614.295pt x 794.97pt>
File: misc_media/hw_2_prompt.pdf Graphic file (type pdf)
<use misc_media/hw_2_prompt.pdf, page 6>
Package pdftex.def Info: misc_media/hw_2_prompt.pdf , page6 used on input line 
18.
(pdftex.def)             Requested size: 614.58406pt x 795.3441pt.
File: misc_media/hw_2_prompt.pdf Graphic file (type pdf)
<use misc_media/hw_2_prompt.pdf, page 6>
Package pdftex.def Info: misc_media/hw_2_prompt.pdf , page6 used on input line 
18.
(pdftex.def)             Requested size: 614.58406pt x 795.3441pt.
File: misc_media/hw_2_prompt.pdf Graphic file (type pdf)
<use misc_media/hw_2_prompt.pdf, page 6>
Package pdftex.def Info: misc_media/hw_2_prompt.pdf , page6 used on input line 
18.
(pdftex.def)             Requested size: 614.58406pt x 795.3441pt.
[7 <./misc_media/hw_2_prompt.pdf>]

pdfTeX warning: pdflatex.exe (file ./hand_calcs/1.pdf): PDF inclusion: found PD
F version <1.7>, but at most version <1.5> allowed
<hand_calcs/1.pdf, id=236, 614.295pt x 794.97pt>
File: hand_calcs/1.pdf Graphic file (type pdf)
<use hand_calcs/1.pdf>
Package pdftex.def Info: hand_calcs/1.pdf  used on input line 23.
(pdftex.def)             Requested size: 614.29349pt x 794.96806pt.


pdfTeX warning: pdflatex.exe (file ./hand_calcs/1.pdf): PDF inclusion: found PD
F version <1.7>, but at most version <1.5> allowed
File: hand_calcs/1.pdf Graphic file (type pdf)
<use hand_calcs/1.pdf>
Package pdftex.def Info: hand_calcs/1.pdf  used on input line 23.
(pdftex.def)             Requested size: 614.29349pt x 794.96806pt.


pdfTeX warning: pdflatex.exe (file ./hand_calcs/1.pdf): PDF inclusion: found PD
F version <1.7>, but at most version <1.5> allowed


pdfTeX warning: pdflatex.exe (file ./hand_calcs/1.pdf): PDF inclusion: found PD
F version <1.7>, but at most version <1.5> allowed
<hand_calcs/1.pdf, id=239, page=1, 614.295pt x 794.97pt>
File: hand_calcs/1.pdf Graphic file (type pdf)
<use hand_calcs/1.pdf, page 1>
Package pdftex.def Info: hand_calcs/1.pdf , page1 used on input line 23.
(pdftex.def)             Requested size: 614.29349pt x 794.96806pt.
File: hand_calcs/1.pdf Graphic file (type pdf)
<use hand_calcs/1.pdf, page 1>
Package pdftex.def Info: hand_calcs/1.pdf , page1 used on input line 23.
(pdftex.def)             Requested size: 614.58406pt x 795.3441pt.
[8]
File: hand_calcs/1.pdf Graphic file (type pdf)
<use hand_calcs/1.pdf, page 1>
Package pdftex.def Info: hand_calcs/1.pdf , page1 used on input line 23.
(pdftex.def)             Requested size: 614.58406pt x 795.3441pt.
File: hand_calcs/1.pdf Graphic file (type pdf)
<use hand_calcs/1.pdf, page 1>
Package pdftex.def Info: hand_calcs/1.pdf , page1 used on input line 23.
(pdftex.def)             Requested size: 614.58406pt x 795.3441pt.
File: hand_calcs/1.pdf Graphic file (type pdf)
<use hand_calcs/1.pdf, page 1>
Package pdftex.def Info: hand_calcs/1.pdf , page1 used on input line 23.
(pdftex.def)             Requested size: 614.58406pt x 795.3441pt.
 [9 <./hand_calcs/1.pdf>]

pdfTeX warning: pdflatex.exe (file ./hand_calcs/1.pdf): PDF inclusion: found PD
F version <1.7>, but at most version <1.5> allowed
<hand_calcs/1.pdf, id=250, page=2, 614.295pt x 794.97pt>
File: hand_calcs/1.pdf Graphic file (type pdf)
<use hand_calcs/1.pdf, page 2>
Package pdftex.def Info: hand_calcs/1.pdf , page2 used on input line 23.
(pdftex.def)             Requested size: 614.58406pt x 795.3441pt.
File: hand_calcs/1.pdf Graphic file (type pdf)
<use hand_calcs/1.pdf, page 2>
Package pdftex.def Info: hand_calcs/1.pdf , page2 used on input line 23.
(pdftex.def)             Requested size: 614.58406pt x 795.3441pt.
File: hand_calcs/1.pdf Graphic file (type pdf)
<use hand_calcs/1.pdf, page 2>
Package pdftex.def Info: hand_calcs/1.pdf , page2 used on input line 23.
(pdftex.def)             Requested size: 614.58406pt x 795.3441pt.
[10 <./hand_calcs/1.pdf>]

pdfTeX warning: pdflatex.exe (file ./hand_calcs/2.pdf): PDF inclusion: found PD
F version <1.7>, but at most version <1.5> allowed
<hand_calcs/2.pdf, id=255, 614.295pt x 794.97pt>
File: hand_calcs/2.pdf Graphic file (type pdf)
<use hand_calcs/2.pdf>
Package pdftex.def Info: hand_calcs/2.pdf  used on input line 24.
(pdftex.def)             Requested size: 614.29349pt x 794.96806pt.


pdfTeX warning: pdflatex.exe (file ./hand_calcs/2.pdf): PDF inclusion: found PD
F version <1.7>, but at most version <1.5> allowed
File: hand_calcs/2.pdf Graphic file (type pdf)
<use hand_calcs/2.pdf>
Package pdftex.def Info: hand_calcs/2.pdf  used on input line 24.
(pdftex.def)             Requested size: 614.29349pt x 794.96806pt.


pdfTeX warning: pdflatex.exe (file ./hand_calcs/2.pdf): PDF inclusion: found PD
F version <1.7>, but at most version <1.5> allowed


pdfTeX warning: pdflatex.exe (file ./hand_calcs/2.pdf): PDF inclusion: found PD
F version <1.7>, but at most version <1.5> allowed
<hand_calcs/2.pdf, id=258, page=1, 614.295pt x 794.97pt>
File: hand_calcs/2.pdf Graphic file (type pdf)
<use hand_calcs/2.pdf, page 1>
Package pdftex.def Info: hand_calcs/2.pdf , page1 used on input line 24.
(pdftex.def)             Requested size: 614.29349pt x 794.96806pt.
File: hand_calcs/2.pdf Graphic file (type pdf)
<use hand_calcs/2.pdf, page 1>
Package pdftex.def Info: hand_calcs/2.pdf , page1 used on input line 24.
(pdftex.def)             Requested size: 614.58406pt x 795.3441pt.
File: hand_calcs/2.pdf Graphic file (type pdf)
<use hand_calcs/2.pdf, page 1>
Package pdftex.def Info: hand_calcs/2.pdf , page1 used on input line 24.
(pdftex.def)             Requested size: 614.58406pt x 795.3441pt.
File: hand_calcs/2.pdf Graphic file (type pdf)
<use hand_calcs/2.pdf, page 1>
Package pdftex.def Info: hand_calcs/2.pdf , page1 used on input line 24.
(pdftex.def)             Requested size: 614.58406pt x 795.3441pt.
File: hand_calcs/2.pdf Graphic file (type pdf)
<use hand_calcs/2.pdf, page 1>
Package pdftex.def Info: hand_calcs/2.pdf , page1 used on input line 24.
(pdftex.def)             Requested size: 614.58406pt x 795.3441pt.
[11 <./hand_calcs/2.pdf>]

pdfTeX warning: pdflatex.exe (file ./hand_calcs/2.pdf): PDF inclusion: found PD
F version <1.7>, but at most version <1.5> allowed
<hand_calcs/2.pdf, id=265, page=2, 614.295pt x 794.97pt>
File: hand_calcs/2.pdf Graphic file (type pdf)
<use hand_calcs/2.pdf, page 2>
Package pdftex.def Info: hand_calcs/2.pdf , page2 used on input line 24.
(pdftex.def)             Requested size: 614.58406pt x 795.3441pt.
File: hand_calcs/2.pdf Graphic file (type pdf)
<use hand_calcs/2.pdf, page 2>
Package pdftex.def Info: hand_calcs/2.pdf , page2 used on input line 24.
(pdftex.def)             Requested size: 614.58406pt x 795.3441pt.
File: hand_calcs/2.pdf Graphic file (type pdf)
<use hand_calcs/2.pdf, page 2>
Package pdftex.def Info: hand_calcs/2.pdf , page2 used on input line 24.
(pdftex.def)             Requested size: 614.58406pt x 795.3441pt.
[12 <./hand_calcs/2.pdf>]

pdfTeX warning: pdflatex.exe (file ./hand_calcs/3.pdf): PDF inclusion: found PD
F version <1.7>, but at most version <1.5> allowed
<hand_calcs/3.pdf, id=270, 614.295pt x 794.97pt>
File: hand_calcs/3.pdf Graphic file (type pdf)
<use hand_calcs/3.pdf>
Package pdftex.def Info: hand_calcs/3.pdf  used on input line 25.
(pdftex.def)             Requested size: 614.29349pt x 794.96806pt.


pdfTeX warning: pdflatex.exe (file ./hand_calcs/3.pdf): PDF inclusion: found PD
F version <1.7>, but at most version <1.5> allowed
File: hand_calcs/3.pdf Graphic file (type pdf)
<use hand_calcs/3.pdf>
Package pdftex.def Info: hand_calcs/3.pdf  used on input line 25.
(pdftex.def)             Requested size: 614.29349pt x 794.96806pt.


pdfTeX warning: pdflatex.exe (file ./hand_calcs/3.pdf): PDF inclusion: found PD
F version <1.7>, but at most version <1.5> allowed


pdfTeX warning: pdflatex.exe (file ./hand_calcs/3.pdf): PDF inclusion: found PD
F version <1.7>, but at most version <1.5> allowed
<hand_calcs/3.pdf, id=273, page=1, 614.295pt x 794.97pt>
File: hand_calcs/3.pdf Graphic file (type pdf)
<use hand_calcs/3.pdf, page 1>
Package pdftex.def Info: hand_calcs/3.pdf , page1 used on input line 25.
(pdftex.def)             Requested size: 614.29349pt x 794.96806pt.
File: hand_calcs/3.pdf Graphic file (type pdf)
<use hand_calcs/3.pdf, page 1>
Package pdftex.def Info: hand_calcs/3.pdf , page1 used on input line 25.
(pdftex.def)             Requested size: 614.58406pt x 795.3441pt.
File: hand_calcs/3.pdf Graphic file (type pdf)
<use hand_calcs/3.pdf, page 1>
Package pdftex.def Info: hand_calcs/3.pdf , page1 used on input line 25.
(pdftex.def)             Requested size: 614.58406pt x 795.3441pt.
File: hand_calcs/3.pdf Graphic file (type pdf)
<use hand_calcs/3.pdf, page 1>
Package pdftex.def Info: hand_calcs/3.pdf , page1 used on input line 25.
(pdftex.def)             Requested size: 614.58406pt x 795.3441pt.
File: hand_calcs/3.pdf Graphic file (type pdf)
<use hand_calcs/3.pdf, page 1>
Package pdftex.def Info: hand_calcs/3.pdf , page1 used on input line 25.
(pdftex.def)             Requested size: 614.58406pt x 795.3441pt.
[13 <./hand_calcs/3.pdf>]

pdfTeX warning: pdflatex.exe (file ./hand_calcs/3.pdf): PDF inclusion: found PD
F version <1.7>, but at most version <1.5> allowed
<hand_calcs/3.pdf, id=281, page=2, 614.295pt x 794.97pt>
File: hand_calcs/3.pdf Graphic file (type pdf)
<use hand_calcs/3.pdf, page 2>
Package pdftex.def Info: hand_calcs/3.pdf , page2 used on input line 25.
(pdftex.def)             Requested size: 614.58406pt x 795.3441pt.
File: hand_calcs/3.pdf Graphic file (type pdf)
<use hand_calcs/3.pdf, page 2>
Package pdftex.def Info: hand_calcs/3.pdf , page2 used on input line 25.
(pdftex.def)             Requested size: 614.58406pt x 795.3441pt.
File: hand_calcs/3.pdf Graphic file (type pdf)
<use hand_calcs/3.pdf, page 2>
Package pdftex.def Info: hand_calcs/3.pdf , page2 used on input line 25.
(pdftex.def)             Requested size: 614.58406pt x 795.3441pt.
[14 <./hand_calcs/3.pdf>]

pdfTeX warning: pdflatex.exe (file ./hand_calcs/3.pdf): PDF inclusion: found PD
F version <1.7>, but at most version <1.5> allowed
<hand_calcs/3.pdf, id=286, page=3, 614.295pt x 794.97pt>
File: hand_calcs/3.pdf Graphic file (type pdf)
<use hand_calcs/3.pdf, page 3>
Package pdftex.def Info: hand_calcs/3.pdf , page3 used on input line 25.
(pdftex.def)             Requested size: 614.58406pt x 795.3441pt.
File: hand_calcs/3.pdf Graphic file (type pdf)
<use hand_calcs/3.pdf, page 3>
Package pdftex.def Info: hand_calcs/3.pdf , page3 used on input line 25.
(pdftex.def)             Requested size: 614.58406pt x 795.3441pt.
File: hand_calcs/3.pdf Graphic file (type pdf)
<use hand_calcs/3.pdf, page 3>
Package pdftex.def Info: hand_calcs/3.pdf , page3 used on input line 25.
(pdftex.def)             Requested size: 614.58406pt x 795.3441pt.
[15 <./hand_calcs/3.pdf>]

pdfTeX warning: pdflatex.exe (file ./hand_calcs/4.pdf): PDF inclusion: found PD
F version <1.7>, but at most version <1.5> allowed
<hand_calcs/4.pdf, id=291, 614.295pt x 794.97pt>
File: hand_calcs/4.pdf Graphic file (type pdf)
<use hand_calcs/4.pdf>
Package pdftex.def Info: hand_calcs/4.pdf  used on input line 26.
(pdftex.def)             Requested size: 614.29349pt x 794.96806pt.


pdfTeX warning: pdflatex.exe (file ./hand_calcs/4.pdf): PDF inclusion: found PD
F version <1.7>, but at most version <1.5> allowed
File: hand_calcs/4.pdf Graphic file (type pdf)
<use hand_calcs/4.pdf>
Package pdftex.def Info: hand_calcs/4.pdf  used on input line 26.
(pdftex.def)             Requested size: 614.29349pt x 794.96806pt.


pdfTeX warning: pdflatex.exe (file ./hand_calcs/4.pdf): PDF inclusion: found PD
F version <1.7>, but at most version <1.5> allowed


pdfTeX warning: pdflatex.exe (file ./hand_calcs/4.pdf): PDF inclusion: found PD
F version <1.7>, but at most version <1.5> allowed
<hand_calcs/4.pdf, id=294, page=1, 614.295pt x 794.97pt>
File: hand_calcs/4.pdf Graphic file (type pdf)
<use hand_calcs/4.pdf, page 1>
Package pdftex.def Info: hand_calcs/4.pdf , page1 used on input line 26.
(pdftex.def)             Requested size: 614.29349pt x 794.96806pt.
File: hand_calcs/4.pdf Graphic file (type pdf)
<use hand_calcs/4.pdf, page 1>
Package pdftex.def Info: hand_calcs/4.pdf , page1 used on input line 26.
(pdftex.def)             Requested size: 614.58406pt x 795.3441pt.
File: hand_calcs/4.pdf Graphic file (type pdf)
<use hand_calcs/4.pdf, page 1>
Package pdftex.def Info: hand_calcs/4.pdf , page1 used on input line 26.
(pdftex.def)             Requested size: 614.58406pt x 795.3441pt.
File: hand_calcs/4.pdf Graphic file (type pdf)
<use hand_calcs/4.pdf, page 1>
Package pdftex.def Info: hand_calcs/4.pdf , page1 used on input line 26.
(pdftex.def)             Requested size: 614.58406pt x 795.3441pt.
File: hand_calcs/4.pdf Graphic file (type pdf)
<use hand_calcs/4.pdf, page 1>
Package pdftex.def Info: hand_calcs/4.pdf , page1 used on input line 26.
(pdftex.def)             Requested size: 614.58406pt x 795.3441pt.
[16 <./hand_calcs/4.pdf>]

pdfTeX warning: pdflatex.exe (file ./hand_calcs/4.pdf): PDF inclusion: found PD
F version <1.7>, but at most version <1.5> allowed
<hand_calcs/4.pdf, id=301, page=2, 614.295pt x 794.97pt>
File: hand_calcs/4.pdf Graphic file (type pdf)
<use hand_calcs/4.pdf, page 2>
Package pdftex.def Info: hand_calcs/4.pdf , page2 used on input line 26.
(pdftex.def)             Requested size: 614.58406pt x 795.3441pt.
File: hand_calcs/4.pdf Graphic file (type pdf)
<use hand_calcs/4.pdf, page 2>
Package pdftex.def Info: hand_calcs/4.pdf , page2 used on input line 26.
(pdftex.def)             Requested size: 614.58406pt x 795.3441pt.
File: hand_calcs/4.pdf Graphic file (type pdf)
<use hand_calcs/4.pdf, page 2>
Package pdftex.def Info: hand_calcs/4.pdf , page2 used on input line 26.
(pdftex.def)             Requested size: 614.58406pt x 795.3441pt.
[17 <./hand_calcs/4.pdf>]

pdfTeX warning: pdflatex.exe (file ./hand_calcs/4.pdf): PDF inclusion: found PD
F version <1.7>, but at most version <1.5> allowed
<hand_calcs/4.pdf, id=306, page=3, 614.295pt x 794.97pt>
File: hand_calcs/4.pdf Graphic file (type pdf)
<use hand_calcs/4.pdf, page 3>
Package pdftex.def Info: hand_calcs/4.pdf , page3 used on input line 26.
(pdftex.def)             Requested size: 614.58406pt x 795.3441pt.
File: hand_calcs/4.pdf Graphic file (type pdf)
<use hand_calcs/4.pdf, page 3>
Package pdftex.def Info: hand_calcs/4.pdf , page3 used on input line 26.
(pdftex.def)             Requested size: 614.58406pt x 795.3441pt.
File: hand_calcs/4.pdf Graphic file (type pdf)
<use hand_calcs/4.pdf, page 3>
Package pdftex.def Info: hand_calcs/4.pdf , page3 used on input line 26.
(pdftex.def)             Requested size: 614.58406pt x 795.3441pt.
[18 <./hand_calcs/4.pdf>]

pdfTeX warning: pdflatex.exe (file ./hand_calcs/4.pdf): PDF inclusion: found PD
F version <1.7>, but at most version <1.5> allowed
<hand_calcs/4.pdf, id=311, page=4, 614.295pt x 794.97pt>
File: hand_calcs/4.pdf Graphic file (type pdf)
<use hand_calcs/4.pdf, page 4>
Package pdftex.def Info: hand_calcs/4.pdf , page4 used on input line 26.
(pdftex.def)             Requested size: 614.58406pt x 795.3441pt.
File: hand_calcs/4.pdf Graphic file (type pdf)
<use hand_calcs/4.pdf, page 4>
Package pdftex.def Info: hand_calcs/4.pdf , page4 used on input line 26.
(pdftex.def)             Requested size: 614.58406pt x 795.3441pt.
File: hand_calcs/4.pdf Graphic file (type pdf)
<use hand_calcs/4.pdf, page 4>
Package pdftex.def Info: hand_calcs/4.pdf , page4 used on input line 26.
(pdftex.def)             Requested size: 614.58406pt x 795.3441pt.
[19 <./hand_calcs/4.pdf>]
<compiled_outputs/matlab_functions/1a.png, id=317, 459.21562pt x 408.77719pt>
File: compiled_outputs/matlab_functions/1a.png Graphic file (type png)
<use compiled_outputs/matlab_functions/1a.png>
Package pdftex.def Info: compiled_outputs/matlab_functions/1a.png  used on inpu
t line 31.
(pdftex.def)             Requested size: 459.2145pt x 408.77618pt.
File: compiled_outputs/matlab_functions/1a.png Graphic file (type png)
<use compiled_outputs/matlab_functions/1a.png>
Package pdftex.def Info: compiled_outputs/matlab_functions/1a.png  used on inpu
t line 31.
(pdftex.def)             Requested size: 459.2145pt x 408.77618pt.
File: compiled_outputs/matlab_functions/1a.png Graphic file (type png)
<use compiled_outputs/matlab_functions/1a.png>
Package pdftex.def Info: compiled_outputs/matlab_functions/1a.png  used on inpu
t line 31.
(pdftex.def)             Requested size: 459.2145pt x 408.77618pt.
File: compiled_outputs/matlab_functions/1a.png Graphic file (type png)
<use compiled_outputs/matlab_functions/1a.png>
Package pdftex.def Info: compiled_outputs/matlab_functions/1a.png  used on inpu
t line 31.
(pdftex.def)             Requested size: 614.58195pt x 547.0787pt.
 [20]
File: compiled_outputs/matlab_functions/1a.png Graphic file (type png)
<use compiled_outputs/matlab_functions/1a.png>
Package pdftex.def Info: compiled_outputs/matlab_functions/1a.png  used on inpu
t line 31.
(pdftex.def)             Requested size: 614.58195pt x 547.0787pt.
File: compiled_outputs/matlab_functions/1a.png Graphic file (type png)
<use compiled_outputs/matlab_functions/1a.png>
Package pdftex.def Info: compiled_outputs/matlab_functions/1a.png  used on inpu
t line 31.
(pdftex.def)             Requested size: 614.58195pt x 547.0787pt.
File: compiled_outputs/matlab_functions/1a.png Graphic file (type png)
<use compiled_outputs/matlab_functions/1a.png>
Package pdftex.def Info: compiled_outputs/matlab_functions/1a.png  used on inpu
t line 31.
(pdftex.def)             Requested size: 614.58195pt x 547.0787pt.
 [21 <./compiled_outputs/matlab_functions/1a.png>]
<compiled_outputs/matlab_functions/1b.png, id=330, 506.6428pt x 408.02437pt>
File: compiled_outputs/matlab_functions/1b.png Graphic file (type png)
<use compiled_outputs/matlab_functions/1b.png>
Package pdftex.def Info: compiled_outputs/matlab_functions/1b.png  used on inpu
t line 32.
(pdftex.def)             Requested size: 506.64157pt x 408.02338pt.
File: compiled_outputs/matlab_functions/1b.png Graphic file (type png)
<use compiled_outputs/matlab_functions/1b.png>
Package pdftex.def Info: compiled_outputs/matlab_functions/1b.png  used on inpu
t line 32.
(pdftex.def)             Requested size: 506.64157pt x 408.02338pt.
File: compiled_outputs/matlab_functions/1b.png Graphic file (type png)
<use compiled_outputs/matlab_functions/1b.png>
Package pdftex.def Info: compiled_outputs/matlab_functions/1b.png  used on inpu
t line 32.
(pdftex.def)             Requested size: 506.64157pt x 408.02338pt.
File: compiled_outputs/matlab_functions/1b.png Graphic file (type png)
<use compiled_outputs/matlab_functions/1b.png>
Package pdftex.def Info: compiled_outputs/matlab_functions/1b.png  used on inpu
t line 32.
(pdftex.def)             Requested size: 615.07288pt x 495.34843pt.
File: compiled_outputs/matlab_functions/1b.png Graphic file (type png)
<use compiled_outputs/matlab_functions/1b.png>
Package pdftex.def Info: compiled_outputs/matlab_functions/1b.png  used on inpu
t line 32.
(pdftex.def)             Requested size: 615.07288pt x 495.34843pt.
File: compiled_outputs/matlab_functions/1b.png Graphic file (type png)
<use compiled_outputs/matlab_functions/1b.png>
Package pdftex.def Info: compiled_outputs/matlab_functions/1b.png  used on inpu
t line 32.
(pdftex.def)             Requested size: 615.07288pt x 495.34843pt.
File: compiled_outputs/matlab_functions/1b.png Graphic file (type png)
<use compiled_outputs/matlab_functions/1b.png>
Package pdftex.def Info: compiled_outputs/matlab_functions/1b.png  used on inpu
t line 32.
(pdftex.def)             Requested size: 615.07288pt x 495.34843pt.
 [22 <./compiled_outputs/matlab_functions/1b.png>]
<compiled_outputs/matlab_functions/2.png, id=338, 550.30594pt x 606.76688pt>
File: compiled_outputs/matlab_functions/2.png Graphic file (type png)
<use compiled_outputs/matlab_functions/2.png>
Package pdftex.def Info: compiled_outputs/matlab_functions/2.png  used on input
 line 33.
(pdftex.def)             Requested size: 550.3046pt x 606.7654pt.
File: compiled_outputs/matlab_functions/2.png Graphic file (type png)
<use compiled_outputs/matlab_functions/2.png>
Package pdftex.def Info: compiled_outputs/matlab_functions/2.png  used on input
 line 33.
(pdftex.def)             Requested size: 550.3046pt x 606.7654pt.
File: compiled_outputs/matlab_functions/2.png Graphic file (type png)
<use compiled_outputs/matlab_functions/2.png>
Package pdftex.def Info: compiled_outputs/matlab_functions/2.png  used on input
 line 33.
(pdftex.def)             Requested size: 550.3046pt x 606.7654pt.
File: compiled_outputs/matlab_functions/2.png Graphic file (type png)
<use compiled_outputs/matlab_functions/2.png>
Package pdftex.def Info: compiled_outputs/matlab_functions/2.png  used on input
 line 33.
(pdftex.def)             Requested size: 614.63387pt x 677.6948pt.
File: compiled_outputs/matlab_functions/2.png Graphic file (type png)
<use compiled_outputs/matlab_functions/2.png>
Package pdftex.def Info: compiled_outputs/matlab_functions/2.png  used on input
 line 33.
(pdftex.def)             Requested size: 614.63387pt x 677.6948pt.
File: compiled_outputs/matlab_functions/2.png Graphic file (type png)
<use compiled_outputs/matlab_functions/2.png>
Package pdftex.def Info: compiled_outputs/matlab_functions/2.png  used on input
 line 33.
(pdftex.def)             Requested size: 614.63387pt x 677.6948pt.
File: compiled_outputs/matlab_functions/2.png Graphic file (type png)
<use compiled_outputs/matlab_functions/2.png>
Package pdftex.def Info: compiled_outputs/matlab_functions/2.png  used on input
 line 33.
(pdftex.def)             Requested size: 614.63387pt x 677.6948pt.
 [23 <./compiled_outputs/matlab_functions/2.png>]
<compiled_outputs/matlab_functions/3.pdf, id=346, 614.295pt x 794.97pt>
File: compiled_outputs/matlab_functions/3.pdf Graphic file (type pdf)
<use compiled_outputs/matlab_functions/3.pdf>
Package pdftex.def Info: compiled_outputs/matlab_functions/3.pdf  used on input
 line 34.
(pdftex.def)             Requested size: 614.29349pt x 794.96806pt.
File: compiled_outputs/matlab_functions/3.pdf Graphic file (type pdf)
<use compiled_outputs/matlab_functions/3.pdf>
Package pdftex.def Info: compiled_outputs/matlab_functions/3.pdf  used on input
 line 34.
(pdftex.def)             Requested size: 614.29349pt x 794.96806pt.
<compiled_outputs/matlab_functions/3.pdf, id=349, page=1, 614.295pt x 794.97pt>

File: compiled_outputs/matlab_functions/3.pdf Graphic file (type pdf)
<use compiled_outputs/matlab_functions/3.pdf, page 1>
Package pdftex.def Info: compiled_outputs/matlab_functions/3.pdf , page1 used o
n input line 34.
(pdftex.def)             Requested size: 614.29349pt x 794.96806pt.
File: compiled_outputs/matlab_functions/3.pdf Graphic file (type pdf)
<use compiled_outputs/matlab_functions/3.pdf, page 1>
Package pdftex.def Info: compiled_outputs/matlab_functions/3.pdf , page1 used o
n input line 34.
(pdftex.def)             Requested size: 614.58406pt x 795.3441pt.
File: compiled_outputs/matlab_functions/3.pdf Graphic file (type pdf)
<use compiled_outputs/matlab_functions/3.pdf, page 1>
Package pdftex.def Info: compiled_outputs/matlab_functions/3.pdf , page1 used o
n input line 34.
(pdftex.def)             Requested size: 614.58406pt x 795.3441pt.
File: compiled_outputs/matlab_functions/3.pdf Graphic file (type pdf)
<use compiled_outputs/matlab_functions/3.pdf, page 1>
Package pdftex.def Info: compiled_outputs/matlab_functions/3.pdf , page1 used o
n input line 34.
(pdftex.def)             Requested size: 614.58406pt x 795.3441pt.
File: compiled_outputs/matlab_functions/3.pdf Graphic file (type pdf)
<use compiled_outputs/matlab_functions/3.pdf, page 1>
Package pdftex.def Info: compiled_outputs/matlab_functions/3.pdf , page1 used o
n input line 34.
(pdftex.def)             Requested size: 614.58406pt x 795.3441pt.
 [24 <./compiled_outputs/matlab_functions/3.pdf>]
<compiled_outputs/matlab_functions/3.pdf, id=363, page=2, 614.295pt x 794.97pt>

File: compiled_outputs/matlab_functions/3.pdf Graphic file (type pdf)
<use compiled_outputs/matlab_functions/3.pdf, page 2>
Package pdftex.def Info: compiled_outputs/matlab_functions/3.pdf , page2 used o
n input line 34.
(pdftex.def)             Requested size: 614.58406pt x 795.3441pt.
File: compiled_outputs/matlab_functions/3.pdf Graphic file (type pdf)
<use compiled_outputs/matlab_functions/3.pdf, page 2>
Package pdftex.def Info: compiled_outputs/matlab_functions/3.pdf , page2 used o
n input line 34.
(pdftex.def)             Requested size: 614.58406pt x 795.3441pt.
File: compiled_outputs/matlab_functions/3.pdf Graphic file (type pdf)
<use compiled_outputs/matlab_functions/3.pdf, page 2>
Package pdftex.def Info: compiled_outputs/matlab_functions/3.pdf , page2 used o
n input line 34.
(pdftex.def)             Requested size: 614.58406pt x 795.3441pt.
 [25 <./compiled_outputs/matlab_functions/3.pdf>]
<compiled_outputs/matlab_functions/3.pdf, id=369, page=3, 614.295pt x 794.97pt>

File: compiled_outputs/matlab_functions/3.pdf Graphic file (type pdf)
<use compiled_outputs/matlab_functions/3.pdf, page 3>
Package pdftex.def Info: compiled_outputs/matlab_functions/3.pdf , page3 used o
n input line 34.
(pdftex.def)             Requested size: 614.58406pt x 795.3441pt.
File: compiled_outputs/matlab_functions/3.pdf Graphic file (type pdf)
<use compiled_outputs/matlab_functions/3.pdf, page 3>
Package pdftex.def Info: compiled_outputs/matlab_functions/3.pdf , page3 used o
n input line 34.
(pdftex.def)             Requested size: 614.58406pt x 795.3441pt.
File: compiled_outputs/matlab_functions/3.pdf Graphic file (type pdf)
<use compiled_outputs/matlab_functions/3.pdf, page 3>
Package pdftex.def Info: compiled_outputs/matlab_functions/3.pdf , page3 used o
n input line 34.
(pdftex.def)             Requested size: 614.58406pt x 795.3441pt.
 [26 <./compiled_outputs/matlab_functions/3.pdf>]
<compiled_outputs/matlab_functions/4.pdf, id=374, 614.295pt x 794.97pt>
File: compiled_outputs/matlab_functions/4.pdf Graphic file (type pdf)
<use compiled_outputs/matlab_functions/4.pdf>
Package pdftex.def Info: compiled_outputs/matlab_functions/4.pdf  used on input
 line 35.
(pdftex.def)             Requested size: 614.29349pt x 794.96806pt.
File: compiled_outputs/matlab_functions/4.pdf Graphic file (type pdf)
<use compiled_outputs/matlab_functions/4.pdf>
Package pdftex.def Info: compiled_outputs/matlab_functions/4.pdf  used on input
 line 35.
(pdftex.def)             Requested size: 614.29349pt x 794.96806pt.
<compiled_outputs/matlab_functions/4.pdf, id=377, page=1, 614.295pt x 794.97pt>

File: compiled_outputs/matlab_functions/4.pdf Graphic file (type pdf)
<use compiled_outputs/matlab_functions/4.pdf, page 1>
Package pdftex.def Info: compiled_outputs/matlab_functions/4.pdf , page1 used o
n input line 35.
(pdftex.def)             Requested size: 614.29349pt x 794.96806pt.
File: compiled_outputs/matlab_functions/4.pdf Graphic file (type pdf)
<use compiled_outputs/matlab_functions/4.pdf, page 1>
Package pdftex.def Info: compiled_outputs/matlab_functions/4.pdf , page1 used o
n input line 35.
(pdftex.def)             Requested size: 614.58406pt x 795.3441pt.
File: compiled_outputs/matlab_functions/4.pdf Graphic file (type pdf)
<use compiled_outputs/matlab_functions/4.pdf, page 1>
Package pdftex.def Info: compiled_outputs/matlab_functions/4.pdf , page1 used o
n input line 35.
(pdftex.def)             Requested size: 614.58406pt x 795.3441pt.
File: compiled_outputs/matlab_functions/4.pdf Graphic file (type pdf)
<use compiled_outputs/matlab_functions/4.pdf, page 1>
Package pdftex.def Info: compiled_outputs/matlab_functions/4.pdf , page1 used o
n input line 35.
(pdftex.def)             Requested size: 614.58406pt x 795.3441pt.
File: compiled_outputs/matlab_functions/4.pdf Graphic file (type pdf)
<use compiled_outputs/matlab_functions/4.pdf, page 1>
Package pdftex.def Info: compiled_outputs/matlab_functions/4.pdf , page1 used o
n input line 35.
(pdftex.def)             Requested size: 614.58406pt x 795.3441pt.
 [27 <./compiled_outputs/matlab_functions/4.pdf>]
<compiled_outputs/matlab_functions/4.pdf, id=393, page=2, 614.295pt x 794.97pt>

File: compiled_outputs/matlab_functions/4.pdf Graphic file (type pdf)
<use compiled_outputs/matlab_functions/4.pdf, page 2>
Package pdftex.def Info: compiled_outputs/matlab_functions/4.pdf , page2 used o
n input line 35.
(pdftex.def)             Requested size: 614.58406pt x 795.3441pt.
File: compiled_outputs/matlab_functions/4.pdf Graphic file (type pdf)
<use compiled_outputs/matlab_functions/4.pdf, page 2>
Package pdftex.def Info: compiled_outputs/matlab_functions/4.pdf , page2 used o
n input line 35.
(pdftex.def)             Requested size: 614.58406pt x 795.3441pt.
File: compiled_outputs/matlab_functions/4.pdf Graphic file (type pdf)
<use compiled_outputs/matlab_functions/4.pdf, page 2>
Package pdftex.def Info: compiled_outputs/matlab_functions/4.pdf , page2 used o
n input line 35.
(pdftex.def)             Requested size: 614.58406pt x 795.3441pt.
 [28 <./compiled_outputs/matlab_functions/4.pdf>]
<compiled_outputs/matlab_functions/4.pdf, id=398, page=3, 614.295pt x 794.97pt>

File: compiled_outputs/matlab_functions/4.pdf Graphic file (type pdf)
<use compiled_outputs/matlab_functions/4.pdf, page 3>
Package pdftex.def Info: compiled_outputs/matlab_functions/4.pdf , page3 used o
n input line 35.
(pdftex.def)             Requested size: 614.58406pt x 795.3441pt.
File: compiled_outputs/matlab_functions/4.pdf Graphic file (type pdf)
<use compiled_outputs/matlab_functions/4.pdf, page 3>
Package pdftex.def Info: compiled_outputs/matlab_functions/4.pdf , page3 used o
n input line 35.
(pdftex.def)             Requested size: 614.58406pt x 795.3441pt.
File: compiled_outputs/matlab_functions/4.pdf Graphic file (type pdf)
<use compiled_outputs/matlab_functions/4.pdf, page 3>
Package pdftex.def Info: compiled_outputs/matlab_functions/4.pdf , page3 used o
n input line 35.
(pdftex.def)             Requested size: 614.58406pt x 795.3441pt.
 [29 <./compiled_outputs/matlab_functions/4.pdf>]
<compiled_outputs/matlab_functions/4.pdf, id=403, page=4, 614.295pt x 794.97pt>

File: compiled_outputs/matlab_functions/4.pdf Graphic file (type pdf)
<use compiled_outputs/matlab_functions/4.pdf, page 4>
Package pdftex.def Info: compiled_outputs/matlab_functions/4.pdf , page4 used o
n input line 35.
(pdftex.def)             Requested size: 614.58406pt x 795.3441pt.
File: compiled_outputs/matlab_functions/4.pdf Graphic file (type pdf)
<use compiled_outputs/matlab_functions/4.pdf, page 4>
Package pdftex.def Info: compiled_outputs/matlab_functions/4.pdf , page4 used o
n input line 35.
(pdftex.def)             Requested size: 614.58406pt x 795.3441pt.
File: compiled_outputs/matlab_functions/4.pdf Graphic file (type pdf)
<use compiled_outputs/matlab_functions/4.pdf, page 4>
Package pdftex.def Info: compiled_outputs/matlab_functions/4.pdf , page4 used o
n input line 35.
(pdftex.def)             Requested size: 614.58406pt x 795.3441pt.

[30 <./compiled_outputs/matlab_functions/4.pdf>]

pdfTeX warning: pdflatex.exe (file ./compiled_outputs/compiled_plots.pdf): PDF 
inclusion: found PDF version <1.7>, but at most version <1.5> allowed
<compiled_outputs/compiled_plots.pdf, id=408, 614.295pt x 794.97pt>
File: compiled_outputs/compiled_plots.pdf Graphic file (type pdf)
<use compiled_outputs/compiled_plots.pdf>
Package pdftex.def Info: compiled_outputs/compiled_plots.pdf  used on input lin
e 38.
(pdftex.def)             Requested size: 614.29349pt x 794.96806pt.


pdfTeX warning: pdflatex.exe (file ./compiled_outputs/compiled_plots.pdf): PDF 
inclusion: found PDF version <1.7>, but at most version <1.5> allowed
File: compiled_outputs/compiled_plots.pdf Graphic file (type pdf)
<use compiled_outputs/compiled_plots.pdf>
Package pdftex.def Info: compiled_outputs/compiled_plots.pdf  used on input lin
e 38.
(pdftex.def)             Requested size: 614.29349pt x 794.96806pt.


pdfTeX warning: pdflatex.exe (file ./compiled_outputs/compiled_plots.pdf): PDF 
inclusion: found PDF version <1.7>, but at most version <1.5> allowed


pdfTeX warning: pdflatex.exe (file ./compiled_outputs/compiled_plots.pdf): PDF 
inclusion: found PDF version <1.7>, but at most version <1.5> allowed
<compiled_outputs/compiled_plots.pdf, id=411, page=1, 614.295pt x 794.97pt>
File: compiled_outputs/compiled_plots.pdf Graphic file (type pdf)
<use compiled_outputs/compiled_plots.pdf, page 1>
Package pdftex.def Info: compiled_outputs/compiled_plots.pdf , page1 used on in
put line 38.
(pdftex.def)             Requested size: 614.29349pt x 794.96806pt.
File: compiled_outputs/compiled_plots.pdf Graphic file (type pdf)
<use compiled_outputs/compiled_plots.pdf, page 1>
Package pdftex.def Info: compiled_outputs/compiled_plots.pdf , page1 used on in
put line 38.
(pdftex.def)             Requested size: 614.58406pt x 795.3441pt.
[31]
File: compiled_outputs/compiled_plots.pdf Graphic file (type pdf)
<use compiled_outputs/compiled_plots.pdf, page 1>
Package pdftex.def Info: compiled_outputs/compiled_plots.pdf , page1 used on in
put line 38.
(pdftex.def)             Requested size: 614.58406pt x 795.3441pt.
File: compiled_outputs/compiled_plots.pdf Graphic file (type pdf)
<use compiled_outputs/compiled_plots.pdf, page 1>
Package pdftex.def Info: compiled_outputs/compiled_plots.pdf , page1 used on in
put line 38.
(pdftex.def)             Requested size: 614.58406pt x 795.3441pt.
File: compiled_outputs/compiled_plots.pdf Graphic file (type pdf)
<use compiled_outputs/compiled_plots.pdf, page 1>
Package pdftex.def Info: compiled_outputs/compiled_plots.pdf , page1 used on in
put line 38.
(pdftex.def)             Requested size: 614.58406pt x 795.3441pt.
 [32 <./compiled_outputs/compiled_plots.pdf>]

pdfTeX warning: pdflatex.exe (file ./compiled_outputs/compiled_plots.pdf): PDF 
inclusion: found PDF version <1.7>, but at most version <1.5> allowed
<compiled_outputs/compiled_plots.pdf, id=430, page=2, 614.295pt x 794.97pt>
File: compiled_outputs/compiled_plots.pdf Graphic file (type pdf)
<use compiled_outputs/compiled_plots.pdf, page 2>
Package pdftex.def Info: compiled_outputs/compiled_plots.pdf , page2 used on in
put line 38.
(pdftex.def)             Requested size: 614.58406pt x 795.3441pt.
File: compiled_outputs/compiled_plots.pdf Graphic file (type pdf)
<use compiled_outputs/compiled_plots.pdf, page 2>
Package pdftex.def Info: compiled_outputs/compiled_plots.pdf , page2 used on in
put line 38.
(pdftex.def)             Requested size: 614.58406pt x 795.3441pt.
File: compiled_outputs/compiled_plots.pdf Graphic file (type pdf)
<use compiled_outputs/compiled_plots.pdf, page 2>
Package pdftex.def Info: compiled_outputs/compiled_plots.pdf , page2 used on in
put line 38.
(pdftex.def)             Requested size: 614.58406pt x 795.3441pt.
[33 <./compiled_outputs/compiled_plots.pdf>]

pdfTeX warning: pdflatex.exe (file ./compiled_outputs/compiled_plots.pdf): PDF 
inclusion: found PDF version <1.7>, but at most version <1.5> allowed
<compiled_outputs/compiled_plots.pdf, id=437, page=3, 614.295pt x 794.97pt>
File: compiled_outputs/compiled_plots.pdf Graphic file (type pdf)
<use compiled_outputs/compiled_plots.pdf, page 3>
Package pdftex.def Info: compiled_outputs/compiled_plots.pdf , page3 used on in
put line 38.
(pdftex.def)             Requested size: 614.58406pt x 795.3441pt.
File: compiled_outputs/compiled_plots.pdf Graphic file (type pdf)
<use compiled_outputs/compiled_plots.pdf, page 3>
Package pdftex.def Info: compiled_outputs/compiled_plots.pdf , page3 used on in
put line 38.
(pdftex.def)             Requested size: 614.58406pt x 795.3441pt.
File: compiled_outputs/compiled_plots.pdf Graphic file (type pdf)
<use compiled_outputs/compiled_plots.pdf, page 3>
Package pdftex.def Info: compiled_outputs/compiled_plots.pdf , page3 used on in
put line 38.
(pdftex.def)             Requested size: 614.58406pt x 795.3441pt.
[34 <./compiled_outputs/compiled_plots.pdf>]

pdfTeX warning: pdflatex.exe (file ./compiled_outputs/compiled_plots.pdf): PDF 
inclusion: found PDF version <1.7>, but at most version <1.5> allowed
<compiled_outputs/compiled_plots.pdf, id=444, page=4, 614.295pt x 794.97pt>
File: compiled_outputs/compiled_plots.pdf Graphic file (type pdf)
<use compiled_outputs/compiled_plots.pdf, page 4>
Package pdftex.def Info: compiled_outputs/compiled_plots.pdf , page4 used on in
put line 38.
(pdftex.def)             Requested size: 614.58406pt x 795.3441pt.
File: compiled_outputs/compiled_plots.pdf Graphic file (type pdf)
<use compiled_outputs/compiled_plots.pdf, page 4>
Package pdftex.def Info: compiled_outputs/compiled_plots.pdf , page4 used on in
put line 38.
(pdftex.def)             Requested size: 614.58406pt x 795.3441pt.
File: compiled_outputs/compiled_plots.pdf Graphic file (type pdf)
<use compiled_outputs/compiled_plots.pdf, page 4>
Package pdftex.def Info: compiled_outputs/compiled_plots.pdf , page4 used on in
put line 38.
(pdftex.def)             Requested size: 614.58406pt x 795.3441pt.
[35 <./compiled_outputs/compiled_plots.pdf>]

pdfTeX warning: pdflatex.exe (file ./compiled_outputs/compiled_plots.pdf): PDF 
inclusion: found PDF version <1.7>, but at most version <1.5> allowed
<compiled_outputs/compiled_plots.pdf, id=452, page=5, 614.295pt x 794.97pt>
File: compiled_outputs/compiled_plots.pdf Graphic file (type pdf)
<use compiled_outputs/compiled_plots.pdf, page 5>
Package pdftex.def Info: compiled_outputs/compiled_plots.pdf , page5 used on in
put line 38.
(pdftex.def)             Requested size: 614.58406pt x 795.3441pt.
File: compiled_outputs/compiled_plots.pdf Graphic file (type pdf)
<use compiled_outputs/compiled_plots.pdf, page 5>
Package pdftex.def Info: compiled_outputs/compiled_plots.pdf , page5 used on in
put line 38.
(pdftex.def)             Requested size: 614.58406pt x 795.3441pt.
File: compiled_outputs/compiled_plots.pdf Graphic file (type pdf)
<use compiled_outputs/compiled_plots.pdf, page 5>
Package pdftex.def Info: compiled_outputs/compiled_plots.pdf , page5 used on in
put line 38.
(pdftex.def)             Requested size: 614.58406pt x 795.3441pt.
[36 <./compiled_outputs/compiled_plots.pdf>] (ps_2_report.aux)
 ***********
LaTeX2e <2023-06-01> patch level 1
L3 programming layer <2023-08-29>
 ***********
Package rerunfilecheck Info: File `ps_2_report.out' has not changed.
(rerunfilecheck)             Checksum: ACBBBF4CBAF195AFD389C617B7157DE3;477.
 ) 
Here is how much of TeX's memory you used:
 9909 strings out of 475247
 160420 string characters out of 5757814
 1921801 words of memory out of 5000000
 31283 multiletter control sequences out of 15000+600000
 561709 words of font info for 48 fonts, out of 8000000 for 9000
 1141 hyphenation exceptions out of 8191
 75i,17n,79p,260b,571s stack positions out of 10000i,1000n,20000p,200000b,200000s
<C:/Users/Aaron/AppData/Local/Programs/MiKTeX/fonts/type1/public/amsfonts/cm/
cmbx12.pfb><C:/Users/Aaron/AppData/Local/Programs/MiKTeX/fonts/type1/public/ams
fonts/cm/cmmi10.pfb><C:/Users/Aaron/AppData/Local/Programs/MiKTeX/fonts/type1/p
ublic/amsfonts/cm/cmmi7.pfb><C:/Users/Aaron/AppData/Local/Programs/MiKTeX/fonts
/type1/public/amsfonts/cm/cmr10.pfb><C:/Users/Aaron/AppData/Local/Programs/MiKT
eX/fonts/type1/public/amsfonts/cm/cmr12.pfb><C:/Users/Aaron/AppData/Local/Progr
ams/MiKTeX/fonts/type1/public/amsfonts/cm/cmr17.pfb><C:/Users/Aaron/AppData/Loc
al/Programs/MiKTeX/fonts/type1/public/amsfonts/cm/cmr7.pfb>
Output written on ps_2_report.pdf (36 pages, 4980372 bytes).
PDF statistics:
 501 PDF objects out of 1000 (max. 8388607)
 41 named destinations out of 1000 (max. 500000)
 343 words of extra memory for PDF output out of 10000 (max. 10000000)

