This is pdfTeX, Version 3.141592653-2.6-1.40.25 (MiKTeX 23.4) (preloaded format=pdflatex 2023.9.21)  31 OCT 2023 14:36
entering extended mode
 restricted \write18 enabled.
 %&-line parsing enabled.
**./ps_1_report.tex
(ps_1_report.tex
LaTeX2e <2022-11-01> patch level 1
L3 programming layer <2023-03-30>
(C:\Users\AaronSnyder\AppData\Local\Programs\MiKTeX\tex/latex/base\article.cls
Document Class: article 2022/07/02 v1.4n Standard LaTeX document class
(C:\Users\AaronSnyder\AppData\Local\Programs\MiKTeX\tex/latex/base\size10.clo
File: size10.clo 2022/07/02 v1.4n Standard LaTeX file (size option)
)
\c@part=\count185
\c@section=\count186
\c@subsection=\count187
\c@subsubsection=\count188
\c@paragraph=\count189
\c@subparagraph=\count190
\c@figure=\count191
\c@table=\count192
\abovecaptionskip=\skip48
\belowcaptionskip=\skip49
\bibindent=\dimen140
)
(C:\Users\AaronSnyder\AppData\Local\Programs\MiKTeX\tex/latex/hyperref\hyperref
.sty
Package: hyperref 2023-02-07 v7.00v Hypertext links for LaTeX

(C:\Users\AaronSnyder\AppData\Local\Programs\MiKTeX\tex/generic/ltxcmds\ltxcmds
.sty
Package: ltxcmds 2020-05-10 v1.25 LaTeX kernel commands for general use (HO)
)
(C:\Users\AaronSnyder\AppData\Local\Programs\MiKTeX\tex/generic/iftex\iftex.sty
Package: iftex 2022/02/03 v1.0f TeX engine tests
)
(C:\Users\AaronSnyder\AppData\Local\Programs\MiKTeX\tex/generic/pdftexcmds\pdft
excmds.sty
Package: pdftexcmds 2020-06-27 v0.33 Utility functions of pdfTeX for LuaTeX (HO
)

(C:\Users\AaronSnyder\AppData\Local\Programs\MiKTeX\tex/generic/infwarerr\infwa
rerr.sty
Package: infwarerr 2019/12/03 v1.5 Providing info/warning/error messages (HO)
)
Package pdftexcmds Info: \pdf@primitive is available.
Package pdftexcmds Info: \pdf@ifprimitive is available.
Package pdftexcmds Info: \pdfdraftmode found.
)
(C:\Users\AaronSnyder\AppData\Local\Programs\MiKTeX\tex/latex/graphics\keyval.s
ty
Package: keyval 2022/05/29 v1.15 key=value parser (DPC)
\KV@toks@=\toks16
)
(C:\Users\AaronSnyder\AppData\Local\Programs\MiKTeX\tex/latex/kvsetkeys\kvsetke
ys.sty
Package: kvsetkeys 2022-10-05 v1.19 Key value parser (HO)
)
(C:\Users\AaronSnyder\AppData\Local\Programs\MiKTeX\tex/generic/kvdefinekeys\kv
definekeys.sty
Package: kvdefinekeys 2019-12-19 v1.6 Define keys (HO)
)
(C:\Users\AaronSnyder\AppData\Local\Programs\MiKTeX\tex/generic/pdfescape\pdfes
cape.sty
Package: pdfescape 2019/12/09 v1.15 Implements pdfTeX's escape features (HO)
)
(C:\Users\AaronSnyder\AppData\Local\Programs\MiKTeX\tex/latex/hycolor\hycolor.s
ty
Package: hycolor 2020-01-27 v1.10 Color options for hyperref/bookmark (HO)
)
(C:\Users\AaronSnyder\AppData\Local\Programs\MiKTeX\tex/latex/letltxmacro\letlt
xmacro.sty
Package: letltxmacro 2019/12/03 v1.6 Let assignment for LaTeX macros (HO)
)
(C:\Users\AaronSnyder\AppData\Local\Programs\MiKTeX\tex/latex/auxhook\auxhook.s
ty
Package: auxhook 2019-12-17 v1.6 Hooks for auxiliary files (HO)
)
(C:\Users\AaronSnyder\AppData\Local\Programs\MiKTeX\tex/latex/hyperref\nameref.
sty
Package: nameref 2022-05-17 v2.50 Cross-referencing by name of section

(C:\Users\AaronSnyder\AppData\Local\Programs\MiKTeX\tex/latex/refcount\refcount
.sty
Package: refcount 2019/12/15 v3.6 Data extraction from label references (HO)
)
(C:\Users\AaronSnyder\AppData\Local\Programs\MiKTeX\tex/generic/gettitlestring\
gettitlestring.sty
Package: gettitlestring 2019/12/15 v1.6 Cleanup title references (HO)

(C:\Users\AaronSnyder\AppData\Local\Programs\MiKTeX\tex/latex/kvoptions\kvoptio
ns.sty
Package: kvoptions 2022-06-15 v3.15 Key value format for package options (HO)
))
\c@section@level=\count193
)
\@linkdim=\dimen141
\Hy@linkcounter=\count194
\Hy@pagecounter=\count195

(C:\Users\AaronSnyder\AppData\Local\Programs\MiKTeX\tex/latex/hyperref\pd1enc.d
ef
File: pd1enc.def 2023-02-07 v7.00v Hyperref: PDFDocEncoding definition (HO)
Now handling font encoding PD1 ...
... no UTF-8 mapping file for font encoding PD1
)
(C:\Users\AaronSnyder\AppData\Local\Programs\MiKTeX\tex/generic/intcalc\intcalc
.sty
Package: intcalc 2019/12/15 v1.3 Expandable calculations with integers (HO)
)
(C:\Users\AaronSnyder\AppData\Local\Programs\MiKTeX\tex/generic/etexcmds\etexcm
ds.sty
Package: etexcmds 2019/12/15 v1.7 Avoid name clashes with e-TeX commands (HO)
)
\Hy@SavedSpaceFactor=\count196

(C:\Users\AaronSnyder\AppData\Local\Programs\MiKTeX\tex/latex/hyperref\puenc.de
f
File: puenc.def 2023-02-07 v7.00v Hyperref: PDF Unicode definition (HO)
Now handling font encoding PU ...
... no UTF-8 mapping file for font encoding PU
)
Package hyperref Info: Hyper figures OFF on input line 4177.
Package hyperref Info: Link nesting OFF on input line 4182.
Package hyperref Info: Hyper index ON on input line 4185.
Package hyperref Info: Plain pages OFF on input line 4192.
Package hyperref Info: Backreferencing OFF on input line 4197.
Package hyperref Info: Implicit mode ON; LaTeX internals redefined.
Package hyperref Info: Bookmarks ON on input line 4425.
\c@Hy@tempcnt=\count197
 (C:\Users\AaronSnyder\AppData\Local\Programs\MiKTeX\tex/latex/url\url.sty
\Urlmuskip=\muskip16
Package: url 2013/09/16  ver 3.4  Verb mode for urls, etc.
)
LaTeX Info: Redefining \url on input line 4763.
\XeTeXLinkMargin=\dimen142

(C:\Users\AaronSnyder\AppData\Local\Programs\MiKTeX\tex/generic/bitset\bitset.s
ty
Package: bitset 2019/12/09 v1.3 Handle bit-vector datatype (HO)

(C:\Users\AaronSnyder\AppData\Local\Programs\MiKTeX\tex/generic/bigintcalc\bigi
ntcalc.sty
Package: bigintcalc 2019/12/15 v1.5 Expandable calculations on big integers (HO
)
))
\Fld@menulength=\count198
\Field@Width=\dimen143
\Fld@charsize=\dimen144
Package hyperref Info: Hyper figures OFF on input line 6042.
Package hyperref Info: Link nesting OFF on input line 6047.
Package hyperref Info: Hyper index ON on input line 6050.
Package hyperref Info: backreferencing OFF on input line 6057.
Package hyperref Info: Link coloring OFF on input line 6062.
Package hyperref Info: Link coloring with OCG OFF on input line 6067.
Package hyperref Info: PDF/A mode OFF on input line 6072.

(C:\Users\AaronSnyder\AppData\Local\Programs\MiKTeX\tex/latex/base\atbegshi-ltx
.sty
Package: atbegshi-ltx 2021/01/10 v1.0c Emulation of the original atbegshi
package with kernel methods
)
\Hy@abspage=\count199
\c@Item=\count266
\c@Hfootnote=\count267
)
Package hyperref Info: Driver (autodetected): hpdftex.

(C:\Users\AaronSnyder\AppData\Local\Programs\MiKTeX\tex/latex/hyperref\hpdftex.
def
File: hpdftex.def 2023-02-07 v7.00v Hyperref driver for pdfTeX

(C:\Users\AaronSnyder\AppData\Local\Programs\MiKTeX\tex/latex/base\atveryend-lt
x.sty
Package: atveryend-ltx 2020/08/19 v1.0a Emulation of the original atveryend pac
kage
with kernel methods
)
\Fld@listcount=\count268
\c@bookmark@seq@number=\count269

(C:\Users\AaronSnyder\AppData\Local\Programs\MiKTeX\tex/latex/rerunfilecheck\re
runfilecheck.sty
Package: rerunfilecheck 2022-07-10 v1.10 Rerun checks for auxiliary files (HO)

(C:\Users\AaronSnyder\AppData\Local\Programs\MiKTeX\tex/generic/uniquecounter\u
niquecounter.sty
Package: uniquecounter 2019/12/15 v1.4 Provide unlimited unique counter (HO)
)
Package uniquecounter Info: New unique counter `rerunfilecheck' on input line 2
85.
)
\Hy@SectionHShift=\skip50
)
(C:\Users\AaronSnyder\AppData\Local\Programs\MiKTeX\tex/latex/graphics\graphicx
.sty
Package: graphicx 2021/09/16 v1.2d Enhanced LaTeX Graphics (DPC,SPQR)

(C:\Users\AaronSnyder\AppData\Local\Programs\MiKTeX\tex/latex/graphics\graphics
.sty
Package: graphics 2022/03/10 v1.4e Standard LaTeX Graphics (DPC,SPQR)

(C:\Users\AaronSnyder\AppData\Local\Programs\MiKTeX\tex/latex/graphics\trig.sty
Package: trig 2021/08/11 v1.11 sin cos tan (DPC)
)
(C:\Users\AaronSnyder\AppData\Local\Programs\MiKTeX\tex/latex/graphics-cfg\grap
hics.cfg
File: graphics.cfg 2016/06/04 v1.11 sample graphics configuration
)
Package graphics Info: Driver file: pdftex.def on input line 107.

(C:\Users\AaronSnyder\AppData\Local\Programs\MiKTeX\tex/latex/graphics-def\pdft
ex.def
File: pdftex.def 2022/09/22 v1.2b Graphics/color driver for pdftex
))
\Gin@req@height=\dimen145
\Gin@req@width=\dimen146
)
(C:\Users\AaronSnyder\AppData\Local\Programs\MiKTeX\tex/latex/pdfpages\pdfpages
.sty
Package: pdfpages 2022/12/19 v0.5x Insert pages of external PDF documents (AM)

(C:\Users\AaronSnyder\AppData\Local\Programs\MiKTeX\tex/latex/base\ifthen.sty
Package: ifthen 2022/04/13 v1.1d Standard LaTeX ifthen package (DPC)
)
(C:\Users\AaronSnyder\AppData\Local\Programs\MiKTeX\tex/latex/tools\calc.sty
Package: calc 2017/05/25 v4.3 Infix arithmetic (KKT,FJ)
\calc@Acount=\count270
\calc@Bcount=\count271
\calc@Adimen=\dimen147
\calc@Bdimen=\dimen148
\calc@Askip=\skip51
\calc@Bskip=\skip52
LaTeX Info: Redefining \setlength on input line 80.
LaTeX Info: Redefining \addtolength on input line 81.
\calc@Ccount=\count272
\calc@Cskip=\skip53
)
(C:\Users\AaronSnyder\AppData\Local\Programs\MiKTeX\tex/latex/eso-pic\eso-pic.s
ty
Package: eso-pic 2023/05/03 v3.0c eso-pic (RN)
\ESO@tempdima=\dimen149
\ESO@tempdimb=\dimen150

(C:\Users\AaronSnyder\AppData\Local\Programs\MiKTeX\tex/latex/xcolor\xcolor.sty
Package: xcolor 2022/06/12 v2.14 LaTeX color extensions (UK)

(C:\Users\AaronSnyder\AppData\Local\Programs\MiKTeX\tex/latex/graphics-cfg\colo
r.cfg
File: color.cfg 2016/01/02 v1.6 sample color configuration
)
Package xcolor Info: Driver file: pdftex.def on input line 227.

(C:\Users\AaronSnyder\AppData\Local\Programs\MiKTeX\tex/latex/graphics\mathcolo
r.ltx)
Package xcolor Info: Model `cmy' substituted by `cmy0' on input line 1353.
Package xcolor Info: Model `hsb' substituted by `rgb' on input line 1357.
Package xcolor Info: Model `RGB' extended on input line 1369.
Package xcolor Info: Model `HTML' substituted by `rgb' on input line 1371.
Package xcolor Info: Model `Hsb' substituted by `hsb' on input line 1372.
Package xcolor Info: Model `tHsb' substituted by `hsb' on input line 1373.
Package xcolor Info: Model `HSB' substituted by `hsb' on input line 1374.
Package xcolor Info: Model `Gray' substituted by `gray' on input line 1375.
Package xcolor Info: Model `wave' substituted by `hsb' on input line 1376.
))
\AM@pagewidth=\dimen151
\AM@pageheight=\dimen152
\AM@fboxrule=\dimen153

(C:\Users\AaronSnyder\AppData\Local\Programs\MiKTeX\tex/latex/pdfpages\pppdftex
.def
File: pppdftex.def 2022/12/19 v0.5x Pdfpages driver for pdfTeX (AM)
)
\pdfpages@includegraphics@status=\count273
\AM@pagebox=\box51
\AM@global@opts=\toks17
\AM@pagecnt=\count274
\AM@toc@title=\toks18
\AM@lof@heading=\toks19
\c@AM@survey=\count275
\AM@templatesizebox=\box52
)
(C:\Users\AaronSnyder\AppData\Local\Programs\MiKTeX\tex/latex/l3backend\l3backe
nd-pdftex.def
File: l3backend-pdftex.def 2023-03-30 L3 backend support: PDF output (pdfTeX)
\l__color_backend_stack_int=\count276
\l__pdf_internal_box=\box53
) (ps_1_report.aux)
\openout1 = `ps_1_report.aux'.

LaTeX Font Info:    Checking defaults for OML/cmm/m/it on input line 6.
LaTeX Font Info:    ... okay on input line 6.
LaTeX Font Info:    Checking defaults for OMS/cmsy/m/n on input line 6.
LaTeX Font Info:    ... okay on input line 6.
LaTeX Font Info:    Checking defaults for OT1/cmr/m/n on input line 6.
LaTeX Font Info:    ... okay on input line 6.
LaTeX Font Info:    Checking defaults for T1/cmr/m/n on input line 6.
LaTeX Font Info:    ... okay on input line 6.
LaTeX Font Info:    Checking defaults for TS1/cmr/m/n on input line 6.
LaTeX Font Info:    ... okay on input line 6.
LaTeX Font Info:    Checking defaults for OMX/cmex/m/n on input line 6.
LaTeX Font Info:    ... okay on input line 6.
LaTeX Font Info:    Checking defaults for U/cmr/m/n on input line 6.
LaTeX Font Info:    ... okay on input line 6.
LaTeX Font Info:    Checking defaults for PD1/pdf/m/n on input line 6.
LaTeX Font Info:    ... okay on input line 6.
LaTeX Font Info:    Checking defaults for PU/pdf/m/n on input line 6.
LaTeX Font Info:    ... okay on input line 6.
Package hyperref Info: Link coloring OFF on input line 6.
 (ps_1_report.out) (ps_1_report.out)
\@outlinefile=\write3
\openout3 = `ps_1_report.out'.


(C:\Users\AaronSnyder\AppData\Local\Programs\MiKTeX\tex/context/base/mkii\supp-
pdf.mkii
[Loading MPS to PDF converter (version 2006.09.02).]
\scratchcounter=\count277
\scratchdimen=\dimen154
\scratchbox=\box54
\nofMPsegments=\count278
\nofMParguments=\count279
\everyMPshowfont=\toks20
\MPscratchCnt=\count280
\MPscratchDim=\dimen155
\MPnumerator=\count281
\makeMPintoPDFobject=\count282
\everyMPtoPDFconversion=\toks21
)
(C:\Users\AaronSnyder\AppData\Local\Programs\MiKTeX\tex/latex/epstopdf-pkg\epst
opdf-base.sty
Package: epstopdf-base 2020-01-24 v2.11 Base part for package epstopdf
Package epstopdf-base Info: Redefining graphics rule for `.eps' on input line 4
85.

(C:\Users\AaronSnyder\AppData\Local\Programs\MiKTeX\tex/latex/00miktex\epstopdf
-sys.cfg
File: epstopdf-sys.cfg 2021/03/18 v2.0 Configuration of epstopdf for MiKTeX
))
(C:\Users\AaronSnyder\AppData\Local\Programs\MiKTeX\tex/latex/pdflscape\pdflsca
pe.sty
Package: pdflscape 2022-10-27 v0.13 Display of landscape pages in PDF

(C:\Users\AaronSnyder\AppData\Local\Programs\MiKTeX\tex/latex/pdflscape\pdflsca
pe-nometadata.sty
Package: pdflscape-nometadata 2022-10-28 v0.13 Display of landscape pages in PD
F (HO)

(C:\Users\AaronSnyder\AppData\Local\Programs\MiKTeX\tex/latex/graphics\lscape.s
ty
Package: lscape 2020/05/28 v3.02 Landscape Pages (DPC)
)
Package pdflscape Info: Auto-detected driver: pdftex on input line 81.
))
LaTeX Font Info:    External font `cmex10' loaded for size
(Font)              <12> on input line 13.
LaTeX Font Info:    External font `cmex10' loaded for size
(Font)              <8> on input line 13.
LaTeX Font Info:    External font `cmex10' loaded for size
(Font)              <6> on input line 13.

! Missing $ inserted.
<inserted text> 
                $
l.16 ...thub.com/aqsnyder/eng_math/tree/main/ps_1}
                                                  .
? 
LaTeX Font Info:    External font `cmex10' loaded for size
(Font)              <7> on input line 16.
LaTeX Font Info:    External font `cmex10' loaded for size
(Font)              <5> on input line 16.
! Missing $ inserted.
<inserted text> 
                $
l.16 ...thub.com/aqsnyder/eng_math/tree/main/ps_1}
                                                  .
? 


pdfTeX warning: pdflatex.exe (file ./misc_media/hw_1_prompt.pdf): PDF inclusion
: found PDF version <1.6>, but at most version <1.5> allowed
<misc_media/hw_1_prompt.pdf, id=12, 614.295pt x 794.97pt>
File: misc_media/hw_1_prompt.pdf Graphic file (type pdf)
<use misc_media/hw_1_prompt.pdf>
Package pdftex.def Info: misc_media/hw_1_prompt.pdf  used on input line 19.
(pdftex.def)             Requested size: 614.29349pt x 794.96806pt.


pdfTeX warning: pdflatex.exe (file ./misc_media/hw_1_prompt.pdf): PDF inclusion
: found PDF version <1.6>, but at most version <1.5> allowed
File: misc_media/hw_1_prompt.pdf Graphic file (type pdf)
<use misc_media/hw_1_prompt.pdf>
Package pdftex.def Info: misc_media/hw_1_prompt.pdf  used on input line 19.
(pdftex.def)             Requested size: 614.29349pt x 794.96806pt.


pdfTeX warning: pdflatex.exe (file ./misc_media/hw_1_prompt.pdf): PDF inclusion
: found PDF version <1.6>, but at most version <1.5> allowed


pdfTeX warning: pdflatex.exe (file ./misc_media/hw_1_prompt.pdf): PDF inclusion
: found PDF version <1.6>, but at most version <1.5> allowed
<misc_media/hw_1_prompt.pdf, id=15, page=1, 614.295pt x 794.97pt>
File: misc_media/hw_1_prompt.pdf Graphic file (type pdf)
<use misc_media/hw_1_prompt.pdf, page 1>
Package pdftex.def Info: misc_media/hw_1_prompt.pdf , page1 used on input line 
19.
(pdftex.def)             Requested size: 614.29349pt x 794.96806pt.
File: misc_media/hw_1_prompt.pdf Graphic file (type pdf)
<use misc_media/hw_1_prompt.pdf, page 1>
Package pdftex.def Info: misc_media/hw_1_prompt.pdf , page1 used on input line 
19.
(pdftex.def)             Requested size: 614.58406pt x 795.3441pt.
[1

{C:/Users/AaronSnyder/AppData/Local/MiKTeX/fonts/map/pdftex/pdftex.map}]
File: misc_media/hw_1_prompt.pdf Graphic file (type pdf)
<use misc_media/hw_1_prompt.pdf, page 1>
Package pdftex.def Info: misc_media/hw_1_prompt.pdf , page1 used on input line 
19.
(pdftex.def)             Requested size: 614.58406pt x 795.3441pt.
File: misc_media/hw_1_prompt.pdf Graphic file (type pdf)
<use misc_media/hw_1_prompt.pdf, page 1>
Package pdftex.def Info: misc_media/hw_1_prompt.pdf , page1 used on input line 
19.
(pdftex.def)             Requested size: 614.58406pt x 795.3441pt.
File: misc_media/hw_1_prompt.pdf Graphic file (type pdf)
<use misc_media/hw_1_prompt.pdf, page 1>
Package pdftex.def Info: misc_media/hw_1_prompt.pdf , page1 used on input line 
19.
(pdftex.def)             Requested size: 614.58406pt x 795.3441pt.

[2 <./misc_media/hw_1_prompt.pdf>]

pdfTeX warning: pdflatex.exe (file ./misc_media/hw_1_prompt.pdf): PDF inclusion
: found PDF version <1.6>, but at most version <1.5> allowed
<misc_media/hw_1_prompt.pdf, id=45, page=2, 614.295pt x 794.97pt>
File: misc_media/hw_1_prompt.pdf Graphic file (type pdf)
<use misc_media/hw_1_prompt.pdf, page 2>
Package pdftex.def Info: misc_media/hw_1_prompt.pdf , page2 used on input line 
19.
(pdftex.def)             Requested size: 614.58406pt x 795.3441pt.
File: misc_media/hw_1_prompt.pdf Graphic file (type pdf)
<use misc_media/hw_1_prompt.pdf, page 2>
Package pdftex.def Info: misc_media/hw_1_prompt.pdf , page2 used on input line 
19.
(pdftex.def)             Requested size: 614.58406pt x 795.3441pt.
File: misc_media/hw_1_prompt.pdf Graphic file (type pdf)
<use misc_media/hw_1_prompt.pdf, page 2>
Package pdftex.def Info: misc_media/hw_1_prompt.pdf , page2 used on input line 
19.
(pdftex.def)             Requested size: 614.58406pt x 795.3441pt.
[3 <./misc_media/hw_1_prompt.pdf>]
<misc_media/hand-calcs.jpg, id=82, 752.8125pt x 752.8125pt>
File: misc_media/hand-calcs.jpg Graphic file (type jpg)
<use misc_media/hand-calcs.jpg>
Package pdftex.def Info: misc_media/hand-calcs.jpg  used on input line 24.
(pdftex.def)             Requested size: 172.5pt x 172.49995pt.


pdfTeX warning: pdflatex.exe (file ./hand_calcs/problem_1.pdf): PDF inclusion: 
found PDF version <1.7>, but at most version <1.5> allowed
<hand_calcs/problem_1.pdf, id=83, 1866.975pt x 2489.3pt>
File: hand_calcs/problem_1.pdf Graphic file (type pdf)
<use hand_calcs/problem_1.pdf>
Package pdftex.def Info: hand_calcs/problem_1.pdf  used on input line 31.
(pdftex.def)             Requested size: 1866.97047pt x 2489.29396pt.


pdfTeX warning: pdflatex.exe (file ./hand_calcs/problem_1.pdf): PDF inclusion: 
found PDF version <1.7>, but at most version <1.5> allowed
File: hand_calcs/problem_1.pdf Graphic file (type pdf)
<use hand_calcs/problem_1.pdf>
Package pdftex.def Info: hand_calcs/problem_1.pdf  used on input line 31.
(pdftex.def)             Requested size: 1866.97047pt x 2489.29396pt.


pdfTeX warning: pdflatex.exe (file ./hand_calcs/problem_1.pdf): PDF inclusion: 
found PDF version <1.7>, but at most version <1.5> allowed


pdfTeX warning: pdflatex.exe (file ./hand_calcs/problem_1.pdf): PDF inclusion: 
found PDF version <1.7>, but at most version <1.5> allowed
<hand_calcs/problem_1.pdf, id=86, page=1, 1866.975pt x 2489.3pt>
File: hand_calcs/problem_1.pdf Graphic file (type pdf)
<use hand_calcs/problem_1.pdf, page 1>
Package pdftex.def Info: hand_calcs/problem_1.pdf , page1 used on input line 31
.
(pdftex.def)             Requested size: 1866.97047pt x 2489.29396pt.
File: hand_calcs/problem_1.pdf Graphic file (type pdf)
<use hand_calcs/problem_1.pdf, page 1>
Package pdftex.def Info: hand_calcs/problem_1.pdf , page1 used on input line 31
.
(pdftex.def)             Requested size: 596.27621pt x 795.03496pt.
[4 <./misc_media/hand-calcs.jpg>]
File: hand_calcs/problem_1.pdf Graphic file (type pdf)
<use hand_calcs/problem_1.pdf, page 1>
Package pdftex.def Info: hand_calcs/problem_1.pdf , page1 used on input line 31
.
(pdftex.def)             Requested size: 596.27621pt x 795.03496pt.
File: hand_calcs/problem_1.pdf Graphic file (type pdf)
<use hand_calcs/problem_1.pdf, page 1>
Package pdftex.def Info: hand_calcs/problem_1.pdf , page1 used on input line 31
.
(pdftex.def)             Requested size: 596.27621pt x 795.03496pt.
File: hand_calcs/problem_1.pdf Graphic file (type pdf)
<use hand_calcs/problem_1.pdf, page 1>
Package pdftex.def Info: hand_calcs/problem_1.pdf , page1 used on input line 31
.
(pdftex.def)             Requested size: 596.27621pt x 795.03496pt.
 [5 <./hand_calcs/problem_1.pdf>]

pdfTeX warning: pdflatex.exe (file ./hand_calcs/problem_2.pdf): PDF inclusion: 
found PDF version <1.7>, but at most version <1.5> allowed
<hand_calcs/problem_2.pdf, id=586, 1866.975pt x 2489.3pt>
File: hand_calcs/problem_2.pdf Graphic file (type pdf)
<use hand_calcs/problem_2.pdf>
Package pdftex.def Info: hand_calcs/problem_2.pdf  used on input line 32.
(pdftex.def)             Requested size: 1866.97047pt x 2489.29396pt.


pdfTeX warning: pdflatex.exe (file ./hand_calcs/problem_2.pdf): PDF inclusion: 
found PDF version <1.7>, but at most version <1.5> allowed
File: hand_calcs/problem_2.pdf Graphic file (type pdf)
<use hand_calcs/problem_2.pdf>
Package pdftex.def Info: hand_calcs/problem_2.pdf  used on input line 32.
(pdftex.def)             Requested size: 1866.97047pt x 2489.29396pt.


pdfTeX warning: pdflatex.exe (file ./hand_calcs/problem_2.pdf): PDF inclusion: 
found PDF version <1.7>, but at most version <1.5> allowed


pdfTeX warning: pdflatex.exe (file ./hand_calcs/problem_2.pdf): PDF inclusion: 
found PDF version <1.7>, but at most version <1.5> allowed
<hand_calcs/problem_2.pdf, id=589, page=1, 1866.975pt x 2489.3pt>
File: hand_calcs/problem_2.pdf Graphic file (type pdf)
<use hand_calcs/problem_2.pdf, page 1>
Package pdftex.def Info: hand_calcs/problem_2.pdf , page1 used on input line 32
.
(pdftex.def)             Requested size: 1866.97047pt x 2489.29396pt.
File: hand_calcs/problem_2.pdf Graphic file (type pdf)
<use hand_calcs/problem_2.pdf, page 1>
Package pdftex.def Info: hand_calcs/problem_2.pdf , page1 used on input line 32
.
(pdftex.def)             Requested size: 596.27621pt x 795.03496pt.
File: hand_calcs/problem_2.pdf Graphic file (type pdf)
<use hand_calcs/problem_2.pdf, page 1>
Package pdftex.def Info: hand_calcs/problem_2.pdf , page1 used on input line 32
.
(pdftex.def)             Requested size: 596.27621pt x 795.03496pt.
File: hand_calcs/problem_2.pdf Graphic file (type pdf)
<use hand_calcs/problem_2.pdf, page 1>
Package pdftex.def Info: hand_calcs/problem_2.pdf , page1 used on input line 32
.
(pdftex.def)             Requested size: 596.27621pt x 795.03496pt.
File: hand_calcs/problem_2.pdf Graphic file (type pdf)
<use hand_calcs/problem_2.pdf, page 1>
Package pdftex.def Info: hand_calcs/problem_2.pdf , page1 used on input line 32
.
(pdftex.def)             Requested size: 596.27621pt x 795.03496pt.
[6 <./hand_calcs/problem_2.pdf>]

pdfTeX warning: pdflatex.exe (file ./hand_calcs/problem_3.pdf): PDF inclusion: 
found PDF version <1.7>, but at most version <1.5> allowed
<hand_calcs/problem_3.pdf, id=1057, 1866.975pt x 2489.3pt>
File: hand_calcs/problem_3.pdf Graphic file (type pdf)
<use hand_calcs/problem_3.pdf>
Package pdftex.def Info: hand_calcs/problem_3.pdf  used on input line 33.
(pdftex.def)             Requested size: 1866.97047pt x 2489.29396pt.


pdfTeX warning: pdflatex.exe (file ./hand_calcs/problem_3.pdf): PDF inclusion: 
found PDF version <1.7>, but at most version <1.5> allowed
File: hand_calcs/problem_3.pdf Graphic file (type pdf)
<use hand_calcs/problem_3.pdf>
Package pdftex.def Info: hand_calcs/problem_3.pdf  used on input line 33.
(pdftex.def)             Requested size: 1866.97047pt x 2489.29396pt.


pdfTeX warning: pdflatex.exe (file ./hand_calcs/problem_3.pdf): PDF inclusion: 
found PDF version <1.7>, but at most version <1.5> allowed


pdfTeX warning: pdflatex.exe (file ./hand_calcs/problem_3.pdf): PDF inclusion: 
found PDF version <1.7>, but at most version <1.5> allowed
<hand_calcs/problem_3.pdf, id=1060, page=1, 1866.975pt x 2489.3pt>
File: hand_calcs/problem_3.pdf Graphic file (type pdf)
<use hand_calcs/problem_3.pdf, page 1>
Package pdftex.def Info: hand_calcs/problem_3.pdf , page1 used on input line 33
.
(pdftex.def)             Requested size: 1866.97047pt x 2489.29396pt.
File: hand_calcs/problem_3.pdf Graphic file (type pdf)
<use hand_calcs/problem_3.pdf, page 1>
Package pdftex.def Info: hand_calcs/problem_3.pdf , page1 used on input line 33
.
(pdftex.def)             Requested size: 596.27621pt x 795.03496pt.
File: hand_calcs/problem_3.pdf Graphic file (type pdf)
<use hand_calcs/problem_3.pdf, page 1>
Package pdftex.def Info: hand_calcs/problem_3.pdf , page1 used on input line 33
.
(pdftex.def)             Requested size: 596.27621pt x 795.03496pt.
File: hand_calcs/problem_3.pdf Graphic file (type pdf)
<use hand_calcs/problem_3.pdf, page 1>
Package pdftex.def Info: hand_calcs/problem_3.pdf , page1 used on input line 33
.
(pdftex.def)             Requested size: 596.27621pt x 795.03496pt.
File: hand_calcs/problem_3.pdf Graphic file (type pdf)
<use hand_calcs/problem_3.pdf, page 1>
Package pdftex.def Info: hand_calcs/problem_3.pdf , page1 used on input line 33
.
(pdftex.def)             Requested size: 596.27621pt x 795.03496pt.
[7 <./hand_calcs/problem_3.pdf>]

pdfTeX warning: pdflatex.exe (file ./hand_calcs/problem_4.pdf): PDF inclusion: 
found PDF version <1.7>, but at most version <1.5> allowed
<hand_calcs/problem_4.pdf, id=1658, 614.295pt x 794.97pt>
File: hand_calcs/problem_4.pdf Graphic file (type pdf)
<use hand_calcs/problem_4.pdf>
Package pdftex.def Info: hand_calcs/problem_4.pdf  used on input line 34.
(pdftex.def)             Requested size: 614.29349pt x 794.96806pt.


pdfTeX warning: pdflatex.exe (file ./hand_calcs/problem_4.pdf): PDF inclusion: 
found PDF version <1.7>, but at most version <1.5> allowed
File: hand_calcs/problem_4.pdf Graphic file (type pdf)
<use hand_calcs/problem_4.pdf>
Package pdftex.def Info: hand_calcs/problem_4.pdf  used on input line 34.
(pdftex.def)             Requested size: 614.29349pt x 794.96806pt.


pdfTeX warning: pdflatex.exe (file ./hand_calcs/problem_4.pdf): PDF inclusion: 
found PDF version <1.7>, but at most version <1.5> allowed


pdfTeX warning: pdflatex.exe (file ./hand_calcs/problem_4.pdf): PDF inclusion: 
found PDF version <1.7>, but at most version <1.5> allowed
<hand_calcs/problem_4.pdf, id=1661, page=1, 614.295pt x 794.97pt>
File: hand_calcs/problem_4.pdf Graphic file (type pdf)
<use hand_calcs/problem_4.pdf, page 1>
Package pdftex.def Info: hand_calcs/problem_4.pdf , page1 used on input line 34
.
(pdftex.def)             Requested size: 614.29349pt x 794.96806pt.
File: hand_calcs/problem_4.pdf Graphic file (type pdf)
<use hand_calcs/problem_4.pdf, page 1>
Package pdftex.def Info: hand_calcs/problem_4.pdf , page1 used on input line 34
.
(pdftex.def)             Requested size: 614.58406pt x 795.3441pt.
File: hand_calcs/problem_4.pdf Graphic file (type pdf)
<use hand_calcs/problem_4.pdf, page 1>
Package pdftex.def Info: hand_calcs/problem_4.pdf , page1 used on input line 34
.
(pdftex.def)             Requested size: 614.58406pt x 795.3441pt.
File: hand_calcs/problem_4.pdf Graphic file (type pdf)
<use hand_calcs/problem_4.pdf, page 1>
Package pdftex.def Info: hand_calcs/problem_4.pdf , page1 used on input line 34
.
(pdftex.def)             Requested size: 614.58406pt x 795.3441pt.
File: hand_calcs/problem_4.pdf Graphic file (type pdf)
<use hand_calcs/problem_4.pdf, page 1>
Package pdftex.def Info: hand_calcs/problem_4.pdf , page1 used on input line 34
.
(pdftex.def)             Requested size: 614.58406pt x 795.3441pt.
[8 <./hand_calcs/problem_4.pdf>]

pdfTeX warning: pdflatex.exe (file ./hand_calcs/problem_4.pdf): PDF inclusion: 
found PDF version <1.7>, but at most version <1.5> allowed
<hand_calcs/problem_4.pdf, id=1677, page=2, 614.295pt x 794.97pt>
File: hand_calcs/problem_4.pdf Graphic file (type pdf)
<use hand_calcs/problem_4.pdf, page 2>
Package pdftex.def Info: hand_calcs/problem_4.pdf , page2 used on input line 34
.
(pdftex.def)             Requested size: 614.58406pt x 795.3441pt.
File: hand_calcs/problem_4.pdf Graphic file (type pdf)
<use hand_calcs/problem_4.pdf, page 2>
Package pdftex.def Info: hand_calcs/problem_4.pdf , page2 used on input line 34
.
(pdftex.def)             Requested size: 614.58406pt x 795.3441pt.
File: hand_calcs/problem_4.pdf Graphic file (type pdf)
<use hand_calcs/problem_4.pdf, page 2>
Package pdftex.def Info: hand_calcs/problem_4.pdf , page2 used on input line 34
.
(pdftex.def)             Requested size: 614.58406pt x 795.3441pt.
[9 <./hand_calcs/problem_4.pdf>]

pdfTeX warning: pdflatex.exe (file ./hand_calcs/problem_4.pdf): PDF inclusion: 
found PDF version <1.7>, but at most version <1.5> allowed
<hand_calcs/problem_4.pdf, id=1682, page=3, 614.295pt x 794.97pt>
File: hand_calcs/problem_4.pdf Graphic file (type pdf)
<use hand_calcs/problem_4.pdf, page 3>
Package pdftex.def Info: hand_calcs/problem_4.pdf , page3 used on input line 34
.
(pdftex.def)             Requested size: 614.58406pt x 795.3441pt.
File: hand_calcs/problem_4.pdf Graphic file (type pdf)
<use hand_calcs/problem_4.pdf, page 3>
Package pdftex.def Info: hand_calcs/problem_4.pdf , page3 used on input line 34
.
(pdftex.def)             Requested size: 614.58406pt x 795.3441pt.
File: hand_calcs/problem_4.pdf Graphic file (type pdf)
<use hand_calcs/problem_4.pdf, page 3>
Package pdftex.def Info: hand_calcs/problem_4.pdf , page3 used on input line 34
.
(pdftex.def)             Requested size: 614.58406pt x 795.3441pt.
[10 <./hand_calcs/problem_4.pdf>]
<misc_media/Python-Logo.jpg, id=1687, 446.66875pt x 439.6425pt>
File: misc_media/Python-Logo.jpg Graphic file (type jpg)
<use misc_media/Python-Logo.jpg>
Package pdftex.def Info: misc_media/Python-Logo.jpg  used on input line 39.
(pdftex.def)             Requested size: 172.5pt x 169.78949pt.
<compiled_outputs/python_kernels/problem_1.pdf, id=1688, 614.295pt x 794.97pt>
File: compiled_outputs/python_kernels/problem_1.pdf Graphic file (type pdf)
<use compiled_outputs/python_kernels/problem_1.pdf>
Package pdftex.def Info: compiled_outputs/python_kernels/problem_1.pdf  used on
 input line 46.
(pdftex.def)             Requested size: 614.29349pt x 794.96806pt.
File: compiled_outputs/python_kernels/problem_1.pdf Graphic file (type pdf)
<use compiled_outputs/python_kernels/problem_1.pdf>
Package pdftex.def Info: compiled_outputs/python_kernels/problem_1.pdf  used on
 input line 46.
(pdftex.def)             Requested size: 614.29349pt x 794.96806pt.
<compiled_outputs/python_kernels/problem_1.pdf, id=1691, page=1, 614.295pt x 79
4.97pt>
File: compiled_outputs/python_kernels/problem_1.pdf Graphic file (type pdf)
<use compiled_outputs/python_kernels/problem_1.pdf, page 1>
Package pdftex.def Info: compiled_outputs/python_kernels/problem_1.pdf , page1 
used on input line 46.
(pdftex.def)             Requested size: 614.29349pt x 794.96806pt.
File: compiled_outputs/python_kernels/problem_1.pdf Graphic file (type pdf)
<use compiled_outputs/python_kernels/problem_1.pdf, page 1>
Package pdftex.def Info: compiled_outputs/python_kernels/problem_1.pdf , page1 
used on input line 46.
(pdftex.def)             Requested size: 614.58406pt x 795.3441pt.
 [11 <./misc_media/Python-Logo.jpg>]
File: compiled_outputs/python_kernels/problem_1.pdf Graphic file (type pdf)
<use compiled_outputs/python_kernels/problem_1.pdf, page 1>
Package pdftex.def Info: compiled_outputs/python_kernels/problem_1.pdf , page1 
used on input line 46.
(pdftex.def)             Requested size: 614.58406pt x 795.3441pt.
File: compiled_outputs/python_kernels/problem_1.pdf Graphic file (type pdf)
<use compiled_outputs/python_kernels/problem_1.pdf, page 1>
Package pdftex.def Info: compiled_outputs/python_kernels/problem_1.pdf , page1 
used on input line 46.
(pdftex.def)             Requested size: 614.58406pt x 795.3441pt.
File: compiled_outputs/python_kernels/problem_1.pdf Graphic file (type pdf)
<use compiled_outputs/python_kernels/problem_1.pdf, page 1>
Package pdftex.def Info: compiled_outputs/python_kernels/problem_1.pdf , page1 
used on input line 46.
(pdftex.def)             Requested size: 614.58406pt x 795.3441pt.
 [12 <./compiled_outputs/python_kernels/problem_1.pdf>]
<compiled_outputs/python_kernels/problem_1.pdf, id=1729, page=2, 614.295pt x 79
4.97pt>
File: compiled_outputs/python_kernels/problem_1.pdf Graphic file (type pdf)
<use compiled_outputs/python_kernels/problem_1.pdf, page 2>
Package pdftex.def Info: compiled_outputs/python_kernels/problem_1.pdf , page2 
used on input line 46.
(pdftex.def)             Requested size: 614.58406pt x 795.3441pt.
File: compiled_outputs/python_kernels/problem_1.pdf Graphic file (type pdf)
<use compiled_outputs/python_kernels/problem_1.pdf, page 2>
Package pdftex.def Info: compiled_outputs/python_kernels/problem_1.pdf , page2 
used on input line 46.
(pdftex.def)             Requested size: 614.58406pt x 795.3441pt.
File: compiled_outputs/python_kernels/problem_1.pdf Graphic file (type pdf)
<use compiled_outputs/python_kernels/problem_1.pdf, page 2>
Package pdftex.def Info: compiled_outputs/python_kernels/problem_1.pdf , page2 
used on input line 46.
(pdftex.def)             Requested size: 614.58406pt x 795.3441pt.
 [13 <./compiled_outputs/python_kernels/problem_1.pdf>]

pdfTeX warning: pdflatex.exe (file ./compiled_outputs/python_kernels/problem_2.
pdf): PDF inclusion: found PDF version <1.7>, but at most version <1.5> allowed

<compiled_outputs/python_kernels/problem_2.pdf, id=1738, 614.295pt x 794.97pt>
File: compiled_outputs/python_kernels/problem_2.pdf Graphic file (type pdf)
<use compiled_outputs/python_kernels/problem_2.pdf>
Package pdftex.def Info: compiled_outputs/python_kernels/problem_2.pdf  used on
 input line 47.
(pdftex.def)             Requested size: 614.29349pt x 794.96806pt.


pdfTeX warning: pdflatex.exe (file ./compiled_outputs/python_kernels/problem_2.
pdf): PDF inclusion: found PDF version <1.7>, but at most version <1.5> allowed

File: compiled_outputs/python_kernels/problem_2.pdf Graphic file (type pdf)
<use compiled_outputs/python_kernels/problem_2.pdf>
Package pdftex.def Info: compiled_outputs/python_kernels/problem_2.pdf  used on
 input line 47.
(pdftex.def)             Requested size: 614.29349pt x 794.96806pt.


pdfTeX warning: pdflatex.exe (file ./compiled_outputs/python_kernels/problem_2.
pdf): PDF inclusion: found PDF version <1.7>, but at most version <1.5> allowed



pdfTeX warning: pdflatex.exe (file ./compiled_outputs/python_kernels/problem_2.
pdf): PDF inclusion: found PDF version <1.7>, but at most version <1.5> allowed

<compiled_outputs/python_kernels/problem_2.pdf, id=1741, page=1, 614.295pt x 79
4.97pt>
File: compiled_outputs/python_kernels/problem_2.pdf Graphic file (type pdf)
<use compiled_outputs/python_kernels/problem_2.pdf, page 1>
Package pdftex.def Info: compiled_outputs/python_kernels/problem_2.pdf , page1 
used on input line 47.
(pdftex.def)             Requested size: 614.29349pt x 794.96806pt.
File: compiled_outputs/python_kernels/problem_2.pdf Graphic file (type pdf)
<use compiled_outputs/python_kernels/problem_2.pdf, page 1>
Package pdftex.def Info: compiled_outputs/python_kernels/problem_2.pdf , page1 
used on input line 47.
(pdftex.def)             Requested size: 614.58406pt x 795.3441pt.
File: compiled_outputs/python_kernels/problem_2.pdf Graphic file (type pdf)
<use compiled_outputs/python_kernels/problem_2.pdf, page 1>
Package pdftex.def Info: compiled_outputs/python_kernels/problem_2.pdf , page1 
used on input line 47.
(pdftex.def)             Requested size: 614.58406pt x 795.3441pt.
File: compiled_outputs/python_kernels/problem_2.pdf Graphic file (type pdf)
<use compiled_outputs/python_kernels/problem_2.pdf, page 1>
Package pdftex.def Info: compiled_outputs/python_kernels/problem_2.pdf , page1 
used on input line 47.
(pdftex.def)             Requested size: 614.58406pt x 795.3441pt.
File: compiled_outputs/python_kernels/problem_2.pdf Graphic file (type pdf)
<use compiled_outputs/python_kernels/problem_2.pdf, page 1>
Package pdftex.def Info: compiled_outputs/python_kernels/problem_2.pdf , page1 
used on input line 47.
(pdftex.def)             Requested size: 614.58406pt x 795.3441pt.
[14 <./compiled_outputs/python_kernels/problem_2.pdf>]

pdfTeX warning: pdflatex.exe (file ./compiled_outputs/python_kernels/problem_2.
pdf): PDF inclusion: found PDF version <1.7>, but at most version <1.5> allowed

<compiled_outputs/python_kernels/problem_2.pdf, id=1779, page=2, 614.295pt x 79
4.97pt>
File: compiled_outputs/python_kernels/problem_2.pdf Graphic file (type pdf)
<use compiled_outputs/python_kernels/problem_2.pdf, page 2>
Package pdftex.def Info: compiled_outputs/python_kernels/problem_2.pdf , page2 
used on input line 47.
(pdftex.def)             Requested size: 614.58406pt x 795.3441pt.
File: compiled_outputs/python_kernels/problem_2.pdf Graphic file (type pdf)
<use compiled_outputs/python_kernels/problem_2.pdf, page 2>
Package pdftex.def Info: compiled_outputs/python_kernels/problem_2.pdf , page2 
used on input line 47.
(pdftex.def)             Requested size: 614.58406pt x 795.3441pt.
File: compiled_outputs/python_kernels/problem_2.pdf Graphic file (type pdf)
<use compiled_outputs/python_kernels/problem_2.pdf, page 2>
Package pdftex.def Info: compiled_outputs/python_kernels/problem_2.pdf , page2 
used on input line 47.
(pdftex.def)             Requested size: 614.58406pt x 795.3441pt.
[15 <./compiled_outputs/python_kernels/problem_2.pdf>]

pdfTeX warning: pdflatex.exe (file ./compiled_outputs/python_kernels/problem_2.
pdf): PDF inclusion: found PDF version <1.7>, but at most version <1.5> allowed

<compiled_outputs/python_kernels/problem_2.pdf, id=1800, page=3, 614.295pt x 79
4.97pt>
File: compiled_outputs/python_kernels/problem_2.pdf Graphic file (type pdf)
<use compiled_outputs/python_kernels/problem_2.pdf, page 3>
Package pdftex.def Info: compiled_outputs/python_kernels/problem_2.pdf , page3 
used on input line 47.
(pdftex.def)             Requested size: 614.58406pt x 795.3441pt.
File: compiled_outputs/python_kernels/problem_2.pdf Graphic file (type pdf)
<use compiled_outputs/python_kernels/problem_2.pdf, page 3>
Package pdftex.def Info: compiled_outputs/python_kernels/problem_2.pdf , page3 
used on input line 47.
(pdftex.def)             Requested size: 614.58406pt x 795.3441pt.
File: compiled_outputs/python_kernels/problem_2.pdf Graphic file (type pdf)
<use compiled_outputs/python_kernels/problem_2.pdf, page 3>
Package pdftex.def Info: compiled_outputs/python_kernels/problem_2.pdf , page3 
used on input line 47.
(pdftex.def)             Requested size: 614.58406pt x 795.3441pt.
[16 <./compiled_outputs/python_kernels/problem_2.pdf>]

pdfTeX warning: pdflatex.exe (file ./compiled_outputs/python_kernels/problem_3.
pdf): PDF inclusion: found PDF version <1.7>, but at most version <1.5> allowed

<compiled_outputs/python_kernels/problem_3.pdf, id=1806, 614.295pt x 794.97pt>
File: compiled_outputs/python_kernels/problem_3.pdf Graphic file (type pdf)
<use compiled_outputs/python_kernels/problem_3.pdf>
Package pdftex.def Info: compiled_outputs/python_kernels/problem_3.pdf  used on
 input line 48.
(pdftex.def)             Requested size: 614.29349pt x 794.96806pt.


pdfTeX warning: pdflatex.exe (file ./compiled_outputs/python_kernels/problem_3.
pdf): PDF inclusion: found PDF version <1.7>, but at most version <1.5> allowed

File: compiled_outputs/python_kernels/problem_3.pdf Graphic file (type pdf)
<use compiled_outputs/python_kernels/problem_3.pdf>
Package pdftex.def Info: compiled_outputs/python_kernels/problem_3.pdf  used on
 input line 48.
(pdftex.def)             Requested size: 614.29349pt x 794.96806pt.


pdfTeX warning: pdflatex.exe (file ./compiled_outputs/python_kernels/problem_3.
pdf): PDF inclusion: found PDF version <1.7>, but at most version <1.5> allowed



pdfTeX warning: pdflatex.exe (file ./compiled_outputs/python_kernels/problem_3.
pdf): PDF inclusion: found PDF version <1.7>, but at most version <1.5> allowed

<compiled_outputs/python_kernels/problem_3.pdf, id=1809, page=1, 614.295pt x 79
4.97pt>
File: compiled_outputs/python_kernels/problem_3.pdf Graphic file (type pdf)
<use compiled_outputs/python_kernels/problem_3.pdf, page 1>
Package pdftex.def Info: compiled_outputs/python_kernels/problem_3.pdf , page1 
used on input line 48.
(pdftex.def)             Requested size: 614.29349pt x 794.96806pt.
File: compiled_outputs/python_kernels/problem_3.pdf Graphic file (type pdf)
<use compiled_outputs/python_kernels/problem_3.pdf, page 1>
Package pdftex.def Info: compiled_outputs/python_kernels/problem_3.pdf , page1 
used on input line 48.
(pdftex.def)             Requested size: 614.58406pt x 795.3441pt.
File: compiled_outputs/python_kernels/problem_3.pdf Graphic file (type pdf)
<use compiled_outputs/python_kernels/problem_3.pdf, page 1>
Package pdftex.def Info: compiled_outputs/python_kernels/problem_3.pdf , page1 
used on input line 48.
(pdftex.def)             Requested size: 614.58406pt x 795.3441pt.
File: compiled_outputs/python_kernels/problem_3.pdf Graphic file (type pdf)
<use compiled_outputs/python_kernels/problem_3.pdf, page 1>
Package pdftex.def Info: compiled_outputs/python_kernels/problem_3.pdf , page1 
used on input line 48.
(pdftex.def)             Requested size: 614.58406pt x 795.3441pt.
File: compiled_outputs/python_kernels/problem_3.pdf Graphic file (type pdf)
<use compiled_outputs/python_kernels/problem_3.pdf, page 1>
Package pdftex.def Info: compiled_outputs/python_kernels/problem_3.pdf , page1 
used on input line 48.
(pdftex.def)             Requested size: 614.58406pt x 795.3441pt.
[17 <./compiled_outputs/python_kernels/problem_3.pdf>]

pdfTeX warning: pdflatex.exe (file ./compiled_outputs/python_kernels/problem_3.
pdf): PDF inclusion: found PDF version <1.7>, but at most version <1.5> allowed

<compiled_outputs/python_kernels/problem_3.pdf, id=1818, page=2, 614.295pt x 79
4.97pt>
File: compiled_outputs/python_kernels/problem_3.pdf Graphic file (type pdf)
<use compiled_outputs/python_kernels/problem_3.pdf, page 2>
Package pdftex.def Info: compiled_outputs/python_kernels/problem_3.pdf , page2 
used on input line 48.
(pdftex.def)             Requested size: 614.58406pt x 795.3441pt.
File: compiled_outputs/python_kernels/problem_3.pdf Graphic file (type pdf)
<use compiled_outputs/python_kernels/problem_3.pdf, page 2>
Package pdftex.def Info: compiled_outputs/python_kernels/problem_3.pdf , page2 
used on input line 48.
(pdftex.def)             Requested size: 614.58406pt x 795.3441pt.
File: compiled_outputs/python_kernels/problem_3.pdf Graphic file (type pdf)
<use compiled_outputs/python_kernels/problem_3.pdf, page 2>
Package pdftex.def Info: compiled_outputs/python_kernels/problem_3.pdf , page2 
used on input line 48.
(pdftex.def)             Requested size: 614.58406pt x 795.3441pt.
[18 <./compiled_outputs/python_kernels/problem_3.pdf>]

pdfTeX warning: pdflatex.exe (file ./compiled_outputs/python_kernels/problem_4.
pdf): PDF inclusion: found PDF version <1.7>, but at most version <1.5> allowed

<compiled_outputs/python_kernels/problem_4.pdf, id=1825, 614.295pt x 794.97pt>
File: compiled_outputs/python_kernels/problem_4.pdf Graphic file (type pdf)
<use compiled_outputs/python_kernels/problem_4.pdf>
Package pdftex.def Info: compiled_outputs/python_kernels/problem_4.pdf  used on
 input line 49.
(pdftex.def)             Requested size: 614.29349pt x 794.96806pt.


pdfTeX warning: pdflatex.exe (file ./compiled_outputs/python_kernels/problem_4.
pdf): PDF inclusion: found PDF version <1.7>, but at most version <1.5> allowed

File: compiled_outputs/python_kernels/problem_4.pdf Graphic file (type pdf)
<use compiled_outputs/python_kernels/problem_4.pdf>
Package pdftex.def Info: compiled_outputs/python_kernels/problem_4.pdf  used on
 input line 49.
(pdftex.def)             Requested size: 614.29349pt x 794.96806pt.


pdfTeX warning: pdflatex.exe (file ./compiled_outputs/python_kernels/problem_4.
pdf): PDF inclusion: found PDF version <1.7>, but at most version <1.5> allowed



pdfTeX warning: pdflatex.exe (file ./compiled_outputs/python_kernels/problem_4.
pdf): PDF inclusion: found PDF version <1.7>, but at most version <1.5> allowed

<compiled_outputs/python_kernels/problem_4.pdf, id=1828, page=1, 614.295pt x 79
4.97pt>
File: compiled_outputs/python_kernels/problem_4.pdf Graphic file (type pdf)
<use compiled_outputs/python_kernels/problem_4.pdf, page 1>
Package pdftex.def Info: compiled_outputs/python_kernels/problem_4.pdf , page1 
used on input line 49.
(pdftex.def)             Requested size: 614.29349pt x 794.96806pt.
File: compiled_outputs/python_kernels/problem_4.pdf Graphic file (type pdf)
<use compiled_outputs/python_kernels/problem_4.pdf, page 1>
Package pdftex.def Info: compiled_outputs/python_kernels/problem_4.pdf , page1 
used on input line 49.
(pdftex.def)             Requested size: 614.58406pt x 795.3441pt.
File: compiled_outputs/python_kernels/problem_4.pdf Graphic file (type pdf)
<use compiled_outputs/python_kernels/problem_4.pdf, page 1>
Package pdftex.def Info: compiled_outputs/python_kernels/problem_4.pdf , page1 
used on input line 49.
(pdftex.def)             Requested size: 614.58406pt x 795.3441pt.
File: compiled_outputs/python_kernels/problem_4.pdf Graphic file (type pdf)
<use compiled_outputs/python_kernels/problem_4.pdf, page 1>
Package pdftex.def Info: compiled_outputs/python_kernels/problem_4.pdf , page1 
used on input line 49.
(pdftex.def)             Requested size: 614.58406pt x 795.3441pt.
File: compiled_outputs/python_kernels/problem_4.pdf Graphic file (type pdf)
<use compiled_outputs/python_kernels/problem_4.pdf, page 1>
Package pdftex.def Info: compiled_outputs/python_kernels/problem_4.pdf , page1 
used on input line 49.
(pdftex.def)             Requested size: 614.58406pt x 795.3441pt.
[19 <./compiled_outputs/python_kernels/problem_4.pdf>]

pdfTeX warning: pdflatex.exe (file ./compiled_outputs/python_kernels/problem_4.
pdf): PDF inclusion: found PDF version <1.7>, but at most version <1.5> allowed

<compiled_outputs/python_kernels/problem_4.pdf, id=1838, page=2, 614.295pt x 79
4.97pt>
File: compiled_outputs/python_kernels/problem_4.pdf Graphic file (type pdf)
<use compiled_outputs/python_kernels/problem_4.pdf, page 2>
Package pdftex.def Info: compiled_outputs/python_kernels/problem_4.pdf , page2 
used on input line 49.
(pdftex.def)             Requested size: 614.58406pt x 795.3441pt.
File: compiled_outputs/python_kernels/problem_4.pdf Graphic file (type pdf)
<use compiled_outputs/python_kernels/problem_4.pdf, page 2>
Package pdftex.def Info: compiled_outputs/python_kernels/problem_4.pdf , page2 
used on input line 49.
(pdftex.def)             Requested size: 614.58406pt x 795.3441pt.
File: compiled_outputs/python_kernels/problem_4.pdf Graphic file (type pdf)
<use compiled_outputs/python_kernels/problem_4.pdf, page 2>
Package pdftex.def Info: compiled_outputs/python_kernels/problem_4.pdf , page2 
used on input line 49.
(pdftex.def)             Requested size: 614.58406pt x 795.3441pt.
[20 <./compiled_outputs/python_kernels/problem_4.pdf>]

pdfTeX warning: pdflatex.exe (file ./compiled_outputs/python_kernels/problem_4.
pdf): PDF inclusion: found PDF version <1.7>, but at most version <1.5> allowed

<compiled_outputs/python_kernels/problem_4.pdf, id=1844, page=3, 614.295pt x 79
4.97pt>
File: compiled_outputs/python_kernels/problem_4.pdf Graphic file (type pdf)
<use compiled_outputs/python_kernels/problem_4.pdf, page 3>
Package pdftex.def Info: compiled_outputs/python_kernels/problem_4.pdf , page3 
used on input line 49.
(pdftex.def)             Requested size: 614.58406pt x 795.3441pt.
File: compiled_outputs/python_kernels/problem_4.pdf Graphic file (type pdf)
<use compiled_outputs/python_kernels/problem_4.pdf, page 3>
Package pdftex.def Info: compiled_outputs/python_kernels/problem_4.pdf , page3 
used on input line 49.
(pdftex.def)             Requested size: 614.58406pt x 795.3441pt.
File: compiled_outputs/python_kernels/problem_4.pdf Graphic file (type pdf)
<use compiled_outputs/python_kernels/problem_4.pdf, page 3>
Package pdftex.def Info: compiled_outputs/python_kernels/problem_4.pdf , page3 
used on input line 49.
(pdftex.def)             Requested size: 614.58406pt x 795.3441pt.
[21 <./compiled_outputs/python_kernels/problem_4.pdf>]
<misc_media/Matlab-Logo.jpg, id=1850, 903.375pt x 903.375pt>
File: misc_media/Matlab-Logo.jpg Graphic file (type jpg)
<use misc_media/Matlab-Logo.jpg>
Package pdftex.def Info: misc_media/Matlab-Logo.jpg  used on input line 54.
(pdftex.def)             Requested size: 172.5pt x 172.49767pt.
<compiled_outputs/matlab_functions/problem_1.pdf, id=1851, 614.295pt x 794.97pt
>
File: compiled_outputs/matlab_functions/problem_1.pdf Graphic file (type pdf)
<use compiled_outputs/matlab_functions/problem_1.pdf>
Package pdftex.def Info: compiled_outputs/matlab_functions/problem_1.pdf  used 
on input line 61.
(pdftex.def)             Requested size: 614.29349pt x 794.96806pt.
File: compiled_outputs/matlab_functions/problem_1.pdf Graphic file (type pdf)
<use compiled_outputs/matlab_functions/problem_1.pdf>
Package pdftex.def Info: compiled_outputs/matlab_functions/problem_1.pdf  used 
on input line 61.
(pdftex.def)             Requested size: 614.29349pt x 794.96806pt.
<compiled_outputs/matlab_functions/problem_1.pdf, id=1854, page=1, 614.295pt x 
794.97pt>
File: compiled_outputs/matlab_functions/problem_1.pdf Graphic file (type pdf)
<use compiled_outputs/matlab_functions/problem_1.pdf, page 1>
Package pdftex.def Info: compiled_outputs/matlab_functions/problem_1.pdf , page
1 used on input line 61.
(pdftex.def)             Requested size: 614.29349pt x 794.96806pt.
File: compiled_outputs/matlab_functions/problem_1.pdf Graphic file (type pdf)
<use compiled_outputs/matlab_functions/problem_1.pdf, page 1>
Package pdftex.def Info: compiled_outputs/matlab_functions/problem_1.pdf , page
1 used on input line 61.
(pdftex.def)             Requested size: 614.58406pt x 795.3441pt.
 [22 <./misc_media/Matlab-Logo.jpg>]
File: compiled_outputs/matlab_functions/problem_1.pdf Graphic file (type pdf)
<use compiled_outputs/matlab_functions/problem_1.pdf, page 1>
Package pdftex.def Info: compiled_outputs/matlab_functions/problem_1.pdf , page
1 used on input line 61.
(pdftex.def)             Requested size: 614.58406pt x 795.3441pt.
File: compiled_outputs/matlab_functions/problem_1.pdf Graphic file (type pdf)
<use compiled_outputs/matlab_functions/problem_1.pdf, page 1>
Package pdftex.def Info: compiled_outputs/matlab_functions/problem_1.pdf , page
1 used on input line 61.
(pdftex.def)             Requested size: 614.58406pt x 795.3441pt.
File: compiled_outputs/matlab_functions/problem_1.pdf Graphic file (type pdf)
<use compiled_outputs/matlab_functions/problem_1.pdf, page 1>
Package pdftex.def Info: compiled_outputs/matlab_functions/problem_1.pdf , page
1 used on input line 61.
(pdftex.def)             Requested size: 614.58406pt x 795.3441pt.
 [23 <./compiled_outputs/matlab_functions/problem_1.pdf>]
<compiled_outputs/matlab_functions/problem_1.pdf, id=1875, page=2, 614.295pt x 
794.97pt>
File: compiled_outputs/matlab_functions/problem_1.pdf Graphic file (type pdf)
<use compiled_outputs/matlab_functions/problem_1.pdf, page 2>
Package pdftex.def Info: compiled_outputs/matlab_functions/problem_1.pdf , page
2 used on input line 61.
(pdftex.def)             Requested size: 614.58406pt x 795.3441pt.
File: compiled_outputs/matlab_functions/problem_1.pdf Graphic file (type pdf)
<use compiled_outputs/matlab_functions/problem_1.pdf, page 2>
Package pdftex.def Info: compiled_outputs/matlab_functions/problem_1.pdf , page
2 used on input line 61.
(pdftex.def)             Requested size: 614.58406pt x 795.3441pt.
File: compiled_outputs/matlab_functions/problem_1.pdf Graphic file (type pdf)
<use compiled_outputs/matlab_functions/problem_1.pdf, page 2>
Package pdftex.def Info: compiled_outputs/matlab_functions/problem_1.pdf , page
2 used on input line 61.
(pdftex.def)             Requested size: 614.58406pt x 795.3441pt.
 [24 <./compiled_outputs/matlab_functions/problem_1.pdf>]

pdfTeX warning: pdflatex.exe (file ./compiled_outputs/compiled_plots.pdf): PDF 
inclusion: found PDF version <1.7>, but at most version <1.5> allowed
<compiled_outputs/compiled_plots.pdf, id=1880, 614.295pt x 794.97pt>
File: compiled_outputs/compiled_plots.pdf Graphic file (type pdf)
<use compiled_outputs/compiled_plots.pdf>
Package pdftex.def Info: compiled_outputs/compiled_plots.pdf  used on input lin
e 68.
(pdftex.def)             Requested size: 614.29349pt x 794.96806pt.


pdfTeX warning: pdflatex.exe (file ./compiled_outputs/compiled_plots.pdf): PDF 
inclusion: found PDF version <1.7>, but at most version <1.5> allowed
File: compiled_outputs/compiled_plots.pdf Graphic file (type pdf)
<use compiled_outputs/compiled_plots.pdf>
Package pdftex.def Info: compiled_outputs/compiled_plots.pdf  used on input lin
e 68.
(pdftex.def)             Requested size: 614.29349pt x 794.96806pt.


pdfTeX warning: pdflatex.exe (file ./compiled_outputs/compiled_plots.pdf): PDF 
inclusion: found PDF version <1.7>, but at most version <1.5> allowed


pdfTeX warning: pdflatex.exe (file ./compiled_outputs/compiled_plots.pdf): PDF 
inclusion: found PDF version <1.7>, but at most version <1.5> allowed
<compiled_outputs/compiled_plots.pdf, id=1883, page=1, 614.295pt x 794.97pt>
File: compiled_outputs/compiled_plots.pdf Graphic file (type pdf)
<use compiled_outputs/compiled_plots.pdf, page 1>
Package pdftex.def Info: compiled_outputs/compiled_plots.pdf , page1 used on in
put line 68.
(pdftex.def)             Requested size: 614.29349pt x 794.96806pt.
File: compiled_outputs/compiled_plots.pdf Graphic file (type pdf)
<use compiled_outputs/compiled_plots.pdf, page 1>
Package pdftex.def Info: compiled_outputs/compiled_plots.pdf , page1 used on in
put line 68.
(pdftex.def)             Requested size: 614.58406pt x 795.3441pt.
[25]
File: compiled_outputs/compiled_plots.pdf Graphic file (type pdf)
<use compiled_outputs/compiled_plots.pdf, page 1>
Package pdftex.def Info: compiled_outputs/compiled_plots.pdf , page1 used on in
put line 68.
(pdftex.def)             Requested size: 614.58406pt x 795.3441pt.
File: compiled_outputs/compiled_plots.pdf Graphic file (type pdf)
<use compiled_outputs/compiled_plots.pdf, page 1>
Package pdftex.def Info: compiled_outputs/compiled_plots.pdf , page1 used on in
put line 68.
(pdftex.def)             Requested size: 614.58406pt x 795.3441pt.
File: compiled_outputs/compiled_plots.pdf Graphic file (type pdf)
<use compiled_outputs/compiled_plots.pdf, page 1>
Package pdftex.def Info: compiled_outputs/compiled_plots.pdf , page1 used on in
put line 68.
(pdftex.def)             Requested size: 614.58406pt x 795.3441pt.
 [26 <./compiled_outputs/compiled_plots.pdf>]

pdfTeX warning: pdflatex.exe (file ./compiled_outputs/compiled_plots.pdf): PDF 
inclusion: found PDF version <1.7>, but at most version <1.5> allowed
<compiled_outputs/compiled_plots.pdf, id=1903, page=2, 614.295pt x 794.97pt>
File: compiled_outputs/compiled_plots.pdf Graphic file (type pdf)
<use compiled_outputs/compiled_plots.pdf, page 2>
Package pdftex.def Info: compiled_outputs/compiled_plots.pdf , page2 used on in
put line 68.
(pdftex.def)             Requested size: 614.58406pt x 795.3441pt.
File: compiled_outputs/compiled_plots.pdf Graphic file (type pdf)
<use compiled_outputs/compiled_plots.pdf, page 2>
Package pdftex.def Info: compiled_outputs/compiled_plots.pdf , page2 used on in
put line 68.
(pdftex.def)             Requested size: 614.58406pt x 795.3441pt.
File: compiled_outputs/compiled_plots.pdf Graphic file (type pdf)
<use compiled_outputs/compiled_plots.pdf, page 2>
Package pdftex.def Info: compiled_outputs/compiled_plots.pdf , page2 used on in
put line 68.
(pdftex.def)             Requested size: 614.58406pt x 795.3441pt.
[27 <./compiled_outputs/compiled_plots.pdf>]

pdfTeX warning: pdflatex.exe (file ./compiled_outputs/compiled_plots.pdf): PDF 
inclusion: found PDF version <1.7>, but at most version <1.5> allowed
<compiled_outputs/compiled_plots.pdf, id=1910, page=3, 614.295pt x 794.97pt>
File: compiled_outputs/compiled_plots.pdf Graphic file (type pdf)
<use compiled_outputs/compiled_plots.pdf, page 3>
Package pdftex.def Info: compiled_outputs/compiled_plots.pdf , page3 used on in
put line 68.
(pdftex.def)             Requested size: 614.58406pt x 795.3441pt.
File: compiled_outputs/compiled_plots.pdf Graphic file (type pdf)
<use compiled_outputs/compiled_plots.pdf, page 3>
Package pdftex.def Info: compiled_outputs/compiled_plots.pdf , page3 used on in
put line 68.
(pdftex.def)             Requested size: 614.58406pt x 795.3441pt.
File: compiled_outputs/compiled_plots.pdf Graphic file (type pdf)
<use compiled_outputs/compiled_plots.pdf, page 3>
Package pdftex.def Info: compiled_outputs/compiled_plots.pdf , page3 used on in
put line 68.
(pdftex.def)             Requested size: 614.58406pt x 795.3441pt.
[28 <./compiled_outputs/compiled_plots.pdf>]

pdfTeX warning: pdflatex.exe (file ./compiled_outputs/compiled_plots.pdf): PDF 
inclusion: found PDF version <1.7>, but at most version <1.5> allowed
<compiled_outputs/compiled_plots.pdf, id=1917, page=4, 614.295pt x 794.97pt>
File: compiled_outputs/compiled_plots.pdf Graphic file (type pdf)
<use compiled_outputs/compiled_plots.pdf, page 4>
Package pdftex.def Info: compiled_outputs/compiled_plots.pdf , page4 used on in
put line 68.
(pdftex.def)             Requested size: 614.58406pt x 795.3441pt.
File: compiled_outputs/compiled_plots.pdf Graphic file (type pdf)
<use compiled_outputs/compiled_plots.pdf, page 4>
Package pdftex.def Info: compiled_outputs/compiled_plots.pdf , page4 used on in
put line 68.
(pdftex.def)             Requested size: 614.58406pt x 795.3441pt.
File: compiled_outputs/compiled_plots.pdf Graphic file (type pdf)
<use compiled_outputs/compiled_plots.pdf, page 4>
Package pdftex.def Info: compiled_outputs/compiled_plots.pdf , page4 used on in
put line 68.
(pdftex.def)             Requested size: 614.58406pt x 795.3441pt.
[29 <./compiled_outputs/compiled_plots.pdf>] (ps_1_report.aux)

LaTeX Warning: Label(s) may have changed. Rerun to get cross-references right.


Package rerunfilecheck Warning: File `ps_1_report.out' has changed.
(rerunfilecheck)                Rerun to get outlines right
(rerunfilecheck)                or use package `bookmark'.

Package rerunfilecheck Info: Checksums for `ps_1_report.out':
(rerunfilecheck)             Before: 5A00C344143F91657C71CF4063DBBBED;245
(rerunfilecheck)             After:  FA5132A5067E9564B38B6BAEA9F510E5;593.
 ) 
Here is how much of TeX's memory you used:
 9714 strings out of 476331
 163054 string characters out of 5784933
 1853660 words of memory out of 5000000
 29986 multiletter control sequences out of 15000+600000
 515927 words of font info for 44 fonts, out of 8000000 for 9000
 1141 hyphenation exceptions out of 8191
 75i,17n,76p,260b,568s stack positions out of 10000i,1000n,20000p,200000b,200000s
<C:/Users/AaronSnyder/AppData/Local/Programs/MiKTeX/fonts/type1/public/amsfon
ts/cm/cmbx12.pfb><C:/Users/AaronSnyder/AppData/Local/Programs/MiKTeX/fonts/type
1/public/amsfonts/cm/cmmi10.pfb><C:/Users/AaronSnyder/AppData/Local/Programs/Mi
KTeX/fonts/type1/public/amsfonts/cm/cmmi7.pfb><C:/Users/AaronSnyder/AppData/Loc
al/Programs/MiKTeX/fonts/type1/public/amsfonts/cm/cmr10.pfb><C:/Users/AaronSnyd
er/AppData/Local/Programs/MiKTeX/fonts/type1/public/amsfonts/cm/cmr12.pfb><C:/U
sers/AaronSnyder/AppData/Local/Programs/MiKTeX/fonts/type1/public/amsfonts/cm/c
mr17.pfb><C:/Users/AaronSnyder/AppData/Local/Programs/MiKTeX/fonts/type1/public
/amsfonts/cm/cmr7.pfb>
Output written on ps_1_report.pdf (29 pages, 4991835 bytes).
PDF statistics:
 1970 PDF objects out of 2073 (max. 8388607)
 38 named destinations out of 1000 (max. 500000)
 317 words of extra memory for PDF output out of 10000 (max. 10000000)

